  [1m[35m (47.3ms)[0m  [1m[35mCREATE TABLE `schema_migrations` (`version` varchar(255) NOT NULL PRIMARY KEY)[0m
  [1m[35m (7.4ms)[0m  [1m[35mCREATE TABLE `ar_internal_metadata` (`key` varchar(255) NOT NULL PRIMARY KEY, `value` varchar(255), `created_at` datetime(6) NOT NULL, `updated_at` datetime(6) NOT NULL)[0m
  [1m[35m (0.9ms)[0m  [1m[34mSELECT GET_LOCK('4361666860976504730', 0)[0m
  [1m[36mActiveRecord::SchemaMigration Load (2.9ms)[0m  [1m[34mSELECT `schema_migrations`.`version` FROM `schema_migrations` ORDER BY `schema_migrations`.`version` ASC[0m
  [1m[36mActiveRecord::InternalMetadata Load (2.8ms)[0m  [1m[34mSELECT * FROM `ar_internal_metadata` WHERE `ar_internal_metadata`.`key` = 'environment' ORDER BY `ar_internal_metadata`.`key` ASC LIMIT 1[0m
  [1m[36mActiveRecord::InternalMetadata Create (32.9ms)[0m  [1m[32mINSERT INTO `ar_internal_metadata` (`key`, `value`, `created_at`, `updated_at`) VALUES ('environment', 'development', '2024-01-05 05:30:52.435401', '2024-01-05 05:30:52.435404')[0m
Migrating to CreateRoles (20240105053021)
  [1m[35m (61.1ms)[0m  [1m[35mCREATE TABLE `roles` (`id` bigint NOT NULL AUTO_INCREMENT PRIMARY KEY, `role_id` bigint, `role` varchar(255), `created_at` datetime(6) NOT NULL, `updated_at` datetime(6) NOT NULL)[0m
  [1m[36mActiveRecord::SchemaMigration Create (35.3ms)[0m  [1m[32mINSERT INTO `schema_migrations` (`version`) VALUES ('20240105053021')[0m
  [1m[35m (1.1ms)[0m  [1m[34mSELECT RELEASE_LOCK('4361666860976504730')[0m
  [1m[36mActiveRecord::SchemaMigration Load (0.3ms)[0m  [1m[34mSELECT `schema_migrations`.`version` FROM `schema_migrations` ORDER BY `schema_migrations`.`version` ASC[0m
  [1m[35m (0.2ms)[0m  [1m[34mSELECT GET_LOCK('4361666860976504730', 0)[0m
  [1m[36mActiveRecord::SchemaMigration Load (0.3ms)[0m  [1m[34mSELECT `schema_migrations`.`version` FROM `schema_migrations` ORDER BY `schema_migrations`.`version` ASC[0m
  [1m[36mActiveRecord::InternalMetadata Load (0.2ms)[0m  [1m[34mSELECT * FROM `ar_internal_metadata` WHERE `ar_internal_metadata`.`key` = 'environment' ORDER BY `ar_internal_metadata`.`key` ASC LIMIT 1[0m
Migrating to CreateUsers (20240105053937)
  [1m[35m (11.3ms)[0m  [1m[35mCREATE TABLE `users` (`id` bigint NOT NULL AUTO_INCREMENT PRIMARY KEY, `name` varchar(255), `phone_number` varchar(255), `is_active` tinyint(1), `password` varchar(255), `role_id` bigint NOT NULL, `created_at` datetime(6) NOT NULL, `updated_at` datetime(6) NOT NULL, INDEX `index_users_on_role_id` (`role_id`), CONSTRAINT `fk_rails_642f17018b`
FOREIGN KEY (`role_id`)
  REFERENCES `roles` (`id`)
)[0m
  [1m[36mActiveRecord::SchemaMigration Create (0.7ms)[0m  [1m[32mINSERT INTO `schema_migrations` (`version`) VALUES ('20240105053937')[0m
  [1m[35m (0.2ms)[0m  [1m[34mSELECT RELEASE_LOCK('4361666860976504730')[0m
  [1m[36mActiveRecord::SchemaMigration Load (0.2ms)[0m  [1m[34mSELECT `schema_migrations`.`version` FROM `schema_migrations` ORDER BY `schema_migrations`.`version` ASC[0m
Started GET "/" for ::1 at 2024-01-05 14:28:17 +0530
  [1m[36mActiveRecord::SchemaMigration Load (0.6ms)[0m  [1m[34mSELECT `schema_migrations`.`version` FROM `schema_migrations` ORDER BY `schema_migrations`.`version` ASC[0m
Processing by Rails::WelcomeController#index as HTML
  Rendering /Users/dalagaruppu/.rbenv/versions/3.2.2/lib/ruby/gems/3.2.0/gems/railties-7.1.2/lib/rails/templates/rails/welcome/index.html.erb
  Rendered /Users/dalagaruppu/.rbenv/versions/3.2.2/lib/ruby/gems/3.2.0/gems/railties-7.1.2/lib/rails/templates/rails/welcome/index.html.erb (Duration: 0.9ms | Allocations: 376)
Completed 200 OK in 67ms (Views: 16.3ms | ActiveRecord: 0.0ms | Allocations: 7876)


  [1m[35m (0.3ms)[0m  [1m[34mSELECT GET_LOCK('4361666860976504730', 0)[0m
  [1m[36mActiveRecord::SchemaMigration Load (0.8ms)[0m  [1m[34mSELECT `schema_migrations`.`version` FROM `schema_migrations` ORDER BY `schema_migrations`.`version` ASC[0m
  [1m[36mActiveRecord::InternalMetadata Load (0.5ms)[0m  [1m[34mSELECT * FROM `ar_internal_metadata` WHERE `ar_internal_metadata`.`key` = 'environment' ORDER BY `ar_internal_metadata`.`key` ASC LIMIT 1[0m
  [1m[35m (0.2ms)[0m  [1m[34mSELECT RELEASE_LOCK('4361666860976504730')[0m
  [1m[36mActiveRecord::SchemaMigration Load (0.3ms)[0m  [1m[34mSELECT `schema_migrations`.`version` FROM `schema_migrations` ORDER BY `schema_migrations`.`version` ASC[0m
  [1m[35m (0.3ms)[0m  [1m[34mSELECT GET_LOCK('4361666860976504730', 0)[0m
  [1m[36mActiveRecord::SchemaMigration Load (0.5ms)[0m  [1m[34mSELECT `schema_migrations`.`version` FROM `schema_migrations` ORDER BY `schema_migrations`.`version` ASC[0m
  [1m[36mActiveRecord::InternalMetadata Load (0.4ms)[0m  [1m[34mSELECT * FROM `ar_internal_metadata` WHERE `ar_internal_metadata`.`key` = 'environment' ORDER BY `ar_internal_metadata`.`key` ASC LIMIT 1[0m
  [1m[35m (0.2ms)[0m  [1m[34mSELECT RELEASE_LOCK('4361666860976504730')[0m
  [1m[36mActiveRecord::SchemaMigration Load (0.3ms)[0m  [1m[34mSELECT `schema_migrations`.`version` FROM `schema_migrations` ORDER BY `schema_migrations`.`version` ASC[0m
  [1m[35m (0.3ms)[0m  [1m[34mSELECT GET_LOCK('4361666860976504730', 0)[0m
  [1m[36mActiveRecord::SchemaMigration Load (0.4ms)[0m  [1m[34mSELECT `schema_migrations`.`version` FROM `schema_migrations` ORDER BY `schema_migrations`.`version` ASC[0m
  [1m[36mActiveRecord::InternalMetadata Load (0.3ms)[0m  [1m[34mSELECT * FROM `ar_internal_metadata` WHERE `ar_internal_metadata`.`key` = 'environment' ORDER BY `ar_internal_metadata`.`key` ASC LIMIT 1[0m
Migrating to RemoveroleIdFromrole (20240105115044)
  [1m[36mActiveRecord::SchemaMigration Create (2.3ms)[0m  [1m[32mINSERT INTO `schema_migrations` (`version`) VALUES ('20240105115044')[0m
  [1m[35m (0.2ms)[0m  [1m[34mSELECT RELEASE_LOCK('4361666860976504730')[0m
  [1m[36mActiveRecord::SchemaMigration Load (0.3ms)[0m  [1m[34mSELECT `schema_migrations`.`version` FROM `schema_migrations` ORDER BY `schema_migrations`.`version` ASC[0m
  [1m[35m (0.3ms)[0m  [1m[34mSELECT GET_LOCK('4361666860976504730', 0)[0m
  [1m[36mActiveRecord::SchemaMigration Load (0.4ms)[0m  [1m[34mSELECT `schema_migrations`.`version` FROM `schema_migrations` ORDER BY `schema_migrations`.`version` ASC[0m
  [1m[36mActiveRecord::InternalMetadata Load (0.4ms)[0m  [1m[34mSELECT * FROM `ar_internal_metadata` WHERE `ar_internal_metadata`.`key` = 'environment' ORDER BY `ar_internal_metadata`.`key` ASC LIMIT 1[0m
  [1m[35m (0.2ms)[0m  [1m[34mSELECT RELEASE_LOCK('4361666860976504730')[0m
  [1m[36mActiveRecord::SchemaMigration Load (0.3ms)[0m  [1m[34mSELECT `schema_migrations`.`version` FROM `schema_migrations` ORDER BY `schema_migrations`.`version` ASC[0m
Started GET "/" for ::1 at 2024-01-05 18:00:54 +0530
  [1m[36mActiveRecord::SchemaMigration Load (0.5ms)[0m  [1m[34mSELECT `schema_migrations`.`version` FROM `schema_migrations` ORDER BY `schema_migrations`.`version` ASC[0m
  
NoMethodError (undefined method `validates' for UserController:Class):
  
app/controllers/user_controller.rb:3:in `<class:UserController>'
app/controllers/user_controller.rb:1:in `<main>'
Started GET "/" for ::1 at 2024-01-05 18:00:56 +0530
  
NoMethodError (undefined method `validates' for UserController:Class):
  
app/controllers/user_controller.rb:3:in `<class:UserController>'
app/controllers/user_controller.rb:1:in `<main>'
Started GET "/" for ::1 at 2024-01-05 18:01:39 +0530
Processing by UserController#index as HTML
Completed 500 Internal Server Error in 8ms (ActiveRecord: 0.0ms | Allocations: 1863)


  
ActionView::MissingTemplate (Missing template user/application.html, application/application.html with {:locale=>[:en], :formats=>[:html], :variants=>[], :handlers=>[:raw, :erb, :html, :builder, :ruby, :jbuilder]}.

Searched in:
  * "/Users/dalagaruppu/Documents/clone/app/views"
  * "/Users/dalagaruppu/.rbenv/versions/3.2.2/lib/ruby/gems/3.2.0/gems/turbo-rails-1.5.0/app/views"
  * "/Users/dalagaruppu/.rbenv/versions/3.2.2/lib/ruby/gems/3.2.0/gems/actiontext-7.1.2/app/views"
  * "/Users/dalagaruppu/.rbenv/versions/3.2.2/lib/ruby/gems/3.2.0/gems/actionmailbox-7.1.2/app/views"
):
  
app/controllers/user_controller.rb:9:in `index'
Started GET "/" for ::1 at 2024-01-05 18:06:41 +0530
  
NoMethodError (undefined method `validates' for UserController:Class):
  
app/controllers/user_controller.rb:3:in `<class:UserController>'
app/controllers/user_controller.rb:1:in `<main>'
Started GET "/" for ::1 at 2024-01-05 18:07:05 +0530
Processing by UserController#index as HTML
Completed 500 Internal Server Error in 3ms (ActiveRecord: 0.0ms | Allocations: 1143)


  
ActionView::MissingTemplate (Missing template user/index, application/index with {:locale=>[:en], :formats=>[:html], :variants=>[], :handlers=>[:raw, :erb, :html, :builder, :ruby, :jbuilder]}.

Searched in:
  * "/Users/dalagaruppu/Documents/clone/app/views"
  * "/Users/dalagaruppu/.rbenv/versions/3.2.2/lib/ruby/gems/3.2.0/gems/turbo-rails-1.5.0/app/views"
  * "/Users/dalagaruppu/.rbenv/versions/3.2.2/lib/ruby/gems/3.2.0/gems/actiontext-7.1.2/app/views"
  * "/Users/dalagaruppu/.rbenv/versions/3.2.2/lib/ruby/gems/3.2.0/gems/actionmailbox-7.1.2/app/views"
):
  
app/controllers/user_controller.rb:10:in `index'
Started GET "/" for ::1 at 2024-01-05 18:07:28 +0530
Processing by UserController#index as HTML
Completed 500 Internal Server Error in 1ms (ActiveRecord: 0.0ms | Allocations: 681)


  
ActionView::MissingTemplate (Missing template user/index, application/index with {:locale=>[:en], :formats=>[:html], :variants=>[], :handlers=>[:raw, :erb, :html, :builder, :ruby, :jbuilder]}.

Searched in:
  * "/Users/dalagaruppu/Documents/clone/app/views"
  * "/Users/dalagaruppu/.rbenv/versions/3.2.2/lib/ruby/gems/3.2.0/gems/turbo-rails-1.5.0/app/views"
  * "/Users/dalagaruppu/.rbenv/versions/3.2.2/lib/ruby/gems/3.2.0/gems/actiontext-7.1.2/app/views"
  * "/Users/dalagaruppu/.rbenv/versions/3.2.2/lib/ruby/gems/3.2.0/gems/actionmailbox-7.1.2/app/views"
):
  
app/controllers/user_controller.rb:10:in `index'
Started GET "/" for ::1 at 2024-01-05 18:08:21 +0530
  [1m[36mActiveRecord::SchemaMigration Load (0.5ms)[0m  [1m[34mSELECT `schema_migrations`.`version` FROM `schema_migrations` ORDER BY `schema_migrations`.`version` ASC[0m
Processing by UserController#index as HTML
Completed 500 Internal Server Error in 15ms (ActiveRecord: 0.0ms | Allocations: 3423)


  
ActionView::MissingTemplate (Missing template user/index, application/index with {:locale=>[:en], :formats=>[:html], :variants=>[], :handlers=>[:raw, :erb, :html, :builder, :ruby, :jbuilder]}.

Searched in:
  * "/Users/dalagaruppu/Documents/clone/app/views"
  * "/Users/dalagaruppu/.rbenv/versions/3.2.2/lib/ruby/gems/3.2.0/gems/turbo-rails-1.5.0/app/views"
  * "/Users/dalagaruppu/.rbenv/versions/3.2.2/lib/ruby/gems/3.2.0/gems/actiontext-7.1.2/app/views"
  * "/Users/dalagaruppu/.rbenv/versions/3.2.2/lib/ruby/gems/3.2.0/gems/actionmailbox-7.1.2/app/views"
):
  
app/controllers/user_controller.rb:10:in `index'
Started GET "/" for ::1 at 2024-01-05 18:08:23 +0530
Processing by UserController#index as HTML
Completed 500 Internal Server Error in 1ms (ActiveRecord: 0.0ms | Allocations: 686)


  
ActionView::MissingTemplate (Missing template user/index, application/index with {:locale=>[:en], :formats=>[:html], :variants=>[], :handlers=>[:raw, :erb, :html, :builder, :ruby, :jbuilder]}.

Searched in:
  * "/Users/dalagaruppu/Documents/clone/app/views"
  * "/Users/dalagaruppu/.rbenv/versions/3.2.2/lib/ruby/gems/3.2.0/gems/turbo-rails-1.5.0/app/views"
  * "/Users/dalagaruppu/.rbenv/versions/3.2.2/lib/ruby/gems/3.2.0/gems/actiontext-7.1.2/app/views"
  * "/Users/dalagaruppu/.rbenv/versions/3.2.2/lib/ruby/gems/3.2.0/gems/actionmailbox-7.1.2/app/views"
):
  
app/controllers/user_controller.rb:10:in `index'
Started GET "/" for ::1 at 2024-01-05 18:09:59 +0530
Processing by UserController#index as HTML
Completed 500 Internal Server Error in 3ms (ActiveRecord: 0.0ms | Allocations: 1082)


  
ActionView::MissingTemplate (Missing template user/index, application/index with {:locale=>[:en], :formats=>[:html], :variants=>[], :handlers=>[:raw, :erb, :html, :builder, :ruby, :jbuilder]}.

Searched in:
  * "/Users/dalagaruppu/Documents/clone/app/views"
  * "/Users/dalagaruppu/.rbenv/versions/3.2.2/lib/ruby/gems/3.2.0/gems/turbo-rails-1.5.0/app/views"
  * "/Users/dalagaruppu/.rbenv/versions/3.2.2/lib/ruby/gems/3.2.0/gems/actiontext-7.1.2/app/views"
  * "/Users/dalagaruppu/.rbenv/versions/3.2.2/lib/ruby/gems/3.2.0/gems/actionmailbox-7.1.2/app/views"
):
  
app/controllers/user_controller.rb:10:in `index'
Started GET "/index" for ::1 at 2024-01-05 18:10:36 +0530
  
ActionController::RoutingError (No route matches [GET] "/index"):
  
Started GET "/index" for ::1 at 2024-01-05 18:10:37 +0530
  
ActionController::RoutingError (No route matches [GET] "/index"):
  
Started GET "/index" for ::1 at 2024-01-05 18:11:25 +0530
  
SyntaxError (/Users/dalagaruppu/Documents/clone/config/routes.rb:10: syntax error, unexpected local variable or method, expecting `end' or dummy end
  get "index" to: "user#index"
              ^~
):
  
config/routes.rb:10: syntax error, unexpected local variable or method, expecting `end' or dummy end
Started GET "/index" for ::1 at 2024-01-05 18:11:36 +0530
  
SyntaxError (/Users/dalagaruppu/Documents/clone/config/routes.rb:10: syntax error, unexpected local variable or method, expecting `end' or dummy end
  get "/index" to: "user#index"
               ^~
):
  
config/routes.rb:10: syntax error, unexpected local variable or method, expecting `end' or dummy end
Started GET "/index" for ::1 at 2024-01-05 18:12:13 +0530
Processing by UserController#index as HTML
Completed 500 Internal Server Error in 2ms (ActiveRecord: 0.0ms | Allocations: 1082)


  
ActionView::MissingTemplate (Missing template user/index, application/index with {:locale=>[:en], :formats=>[:html], :variants=>[], :handlers=>[:raw, :erb, :html, :builder, :ruby, :jbuilder]}.

Searched in:
  * "/Users/dalagaruppu/Documents/clone/app/views"
  * "/Users/dalagaruppu/.rbenv/versions/3.2.2/lib/ruby/gems/3.2.0/gems/turbo-rails-1.5.0/app/views"
  * "/Users/dalagaruppu/.rbenv/versions/3.2.2/lib/ruby/gems/3.2.0/gems/actiontext-7.1.2/app/views"
  * "/Users/dalagaruppu/.rbenv/versions/3.2.2/lib/ruby/gems/3.2.0/gems/actionmailbox-7.1.2/app/views"
):
  
app/controllers/user_controller.rb:10:in `index'
Started GET "/index" for ::1 at 2024-01-06 16:54:14 +0530
Processing by UserController#index as HTML
Completed 500 Internal Server Error in 27ms (ActiveRecord: 0.0ms | Allocations: 681)


  
ActionView::MissingTemplate (Missing template user/index, application/index with {:locale=>[:en], :formats=>[:html], :variants=>[], :handlers=>[:raw, :erb, :html, :builder, :ruby, :jbuilder]}.

Searched in:
  * "/Users/dalagaruppu/Documents/clone/app/views"
  * "/Users/dalagaruppu/.rbenv/versions/3.2.2/lib/ruby/gems/3.2.0/gems/turbo-rails-1.5.0/app/views"
  * "/Users/dalagaruppu/.rbenv/versions/3.2.2/lib/ruby/gems/3.2.0/gems/actiontext-7.1.2/app/views"
  * "/Users/dalagaruppu/.rbenv/versions/3.2.2/lib/ruby/gems/3.2.0/gems/actionmailbox-7.1.2/app/views"
):
  
app/controllers/user_controller.rb:10:in `index'
Started GET "/index" for ::1 at 2024-01-06 16:54:15 +0530
Started GET "/index" for ::1 at 2024-01-06 16:54:15 +0530
Processing by UserController#index as HTML
Processing by UserController#index as HTML
Completed 500 Internal Server Error in 8ms (ActiveRecord: 0.0ms | Allocations: 2323)


Completed 500 Internal Server Error in 6ms (ActiveRecord: 0.0ms | Allocations: 2272)


  
ActionView::MissingTemplate (Missing template user/index, application/index with {:locale=>[:en], :formats=>[:html], :variants=>[], :handlers=>[:raw, :erb, :html, :builder, :ruby, :jbuilder]}.

Searched in:
  * "/Users/dalagaruppu/Documents/clone/app/views"
  * "/Users/dalagaruppu/.rbenv/versions/3.2.2/lib/ruby/gems/3.2.0/gems/turbo-rails-1.5.0/app/views"
  * "/Users/dalagaruppu/.rbenv/versions/3.2.2/lib/ruby/gems/3.2.0/gems/actiontext-7.1.2/app/views"
  * "/Users/dalagaruppu/.rbenv/versions/3.2.2/lib/ruby/gems/3.2.0/gems/actionmailbox-7.1.2/app/views"
):
  
app/controllers/user_controller.rb:10:in `index'
  
ActionView::MissingTemplate (Missing template user/index, application/index with {:locale=>[:en], :formats=>[:html], :variants=>[], :handlers=>[:raw, :erb, :html, :builder, :ruby, :jbuilder]}.

Searched in:
  * "/Users/dalagaruppu/Documents/clone/app/views"
  * "/Users/dalagaruppu/.rbenv/versions/3.2.2/lib/ruby/gems/3.2.0/gems/turbo-rails-1.5.0/app/views"
  * "/Users/dalagaruppu/.rbenv/versions/3.2.2/lib/ruby/gems/3.2.0/gems/actiontext-7.1.2/app/views"
  * "/Users/dalagaruppu/.rbenv/versions/3.2.2/lib/ruby/gems/3.2.0/gems/actionmailbox-7.1.2/app/views"
):
  
app/controllers/user_controller.rb:10:in `index'
  [1m[35m (0.4ms)[0m  [1m[34mSELECT GET_LOCK('4361666860976504730', 0)[0m
  [1m[36mActiveRecord::SchemaMigration Load (1.7ms)[0m  [1m[34mSELECT `schema_migrations`.`version` FROM `schema_migrations` ORDER BY `schema_migrations`.`version` ASC[0m
  [1m[36mActiveRecord::InternalMetadata Load (1.0ms)[0m  [1m[34mSELECT * FROM `ar_internal_metadata` WHERE `ar_internal_metadata`.`key` = 'environment' ORDER BY `ar_internal_metadata`.`key` ASC LIMIT 1[0m
Migrating to InsertRolesData (20240107064813)
  [1m[36mTRANSACTION (0.4ms)[0m  [1m[35mBEGIN[0m
  [1m[36mRole Create (15.8ms)[0m  [1m[32mINSERT INTO `roles` (`role_id`, `role`, `created_at`, `updated_at`) VALUES (NULL, 'admin', '2024-01-07 06:49:31.126755', '2024-01-07 06:49:31.126755')[0m
  [1m[36mTRANSACTION (3.9ms)[0m  [1m[35mCOMMIT[0m
  [1m[36mTRANSACTION (0.3ms)[0m  [1m[35mBEGIN[0m
  [1m[36mRole Create (3.2ms)[0m  [1m[32mINSERT INTO `roles` (`role_id`, `role`, `created_at`, `updated_at`) VALUES (NULL, 'user', '2024-01-07 06:49:31.168451', '2024-01-07 06:49:31.168451')[0m
  [1m[36mTRANSACTION (0.8ms)[0m  [1m[35mCOMMIT[0m
  [1m[36mActiveRecord::SchemaMigration Create (1.1ms)[0m  [1m[32mINSERT INTO `schema_migrations` (`version`) VALUES ('20240107064813')[0m
  [1m[35m (0.6ms)[0m  [1m[34mSELECT RELEASE_LOCK('4361666860976504730')[0m
  [1m[36mActiveRecord::SchemaMigration Load (0.3ms)[0m  [1m[34mSELECT `schema_migrations`.`version` FROM `schema_migrations` ORDER BY `schema_migrations`.`version` ASC[0m
  [1m[36mRole Load (0.6ms)[0m  [1m[34mSELECT `roles`.* FROM `roles` /* loading for pp */ LIMIT 11[0m
  [1m[35m (0.3ms)[0m  [1m[34mSELECT GET_LOCK('4361666860976504730', 0)[0m
  [1m[36mActiveRecord::SchemaMigration Load (0.5ms)[0m  [1m[34mSELECT `schema_migrations`.`version` FROM `schema_migrations` ORDER BY `schema_migrations`.`version` ASC[0m
  [1m[36mActiveRecord::InternalMetadata Load (0.3ms)[0m  [1m[34mSELECT * FROM `ar_internal_metadata` WHERE `ar_internal_metadata`.`key` = 'environment' ORDER BY `ar_internal_metadata`.`key` ASC LIMIT 1[0m
  [1m[35m (0.2ms)[0m  [1m[34mSELECT RELEASE_LOCK('4361666860976504730')[0m
  [1m[36mActiveRecord::SchemaMigration Load (0.3ms)[0m  [1m[34mSELECT `schema_migrations`.`version` FROM `schema_migrations` ORDER BY `schema_migrations`.`version` ASC[0m
  [1m[35m (0.3ms)[0m  [1m[34mSELECT GET_LOCK('4361666860976504730', 0)[0m
  [1m[36mActiveRecord::SchemaMigration Load (0.5ms)[0m  [1m[34mSELECT `schema_migrations`.`version` FROM `schema_migrations` ORDER BY `schema_migrations`.`version` ASC[0m
  [1m[36mActiveRecord::InternalMetadata Load (0.4ms)[0m  [1m[34mSELECT * FROM `ar_internal_metadata` WHERE `ar_internal_metadata`.`key` = 'environment' ORDER BY `ar_internal_metadata`.`key` ASC LIMIT 1[0m
Migrating to RemoveRoleIdFromRoles (20240107065345)
  [1m[36mActiveRecord::SchemaMigration Create (1.0ms)[0m  [1m[32mINSERT INTO `schema_migrations` (`version`) VALUES ('20240107065345')[0m
  [1m[35m (0.3ms)[0m  [1m[34mSELECT RELEASE_LOCK('4361666860976504730')[0m
  [1m[36mActiveRecord::SchemaMigration Load (0.4ms)[0m  [1m[34mSELECT `schema_migrations`.`version` FROM `schema_migrations` ORDER BY `schema_migrations`.`version` ASC[0m
  [1m[36mActiveRecord::SchemaMigration Load (0.3ms)[0m  [1m[34mSELECT `schema_migrations`.`version` FROM `schema_migrations` ORDER BY `schema_migrations`.`version` ASC[0m
  [1m[36mActiveRecord::InternalMetadata Load (0.3ms)[0m  [1m[34mSELECT * FROM `ar_internal_metadata` WHERE `ar_internal_metadata`.`key` = 'environment' ORDER BY `ar_internal_metadata`.`key` ASC LIMIT 1[0m
  [1m[36mActiveRecord::SchemaMigration Load (0.2ms)[0m  [1m[34mSELECT `schema_migrations`.`version` FROM `schema_migrations` ORDER BY `schema_migrations`.`version` ASC[0m
  [1m[36mActiveRecord::InternalMetadata Load (0.2ms)[0m  [1m[34mSELECT * FROM `ar_internal_metadata` WHERE `ar_internal_metadata`.`key` = 'environment' ORDER BY `ar_internal_metadata`.`key` ASC LIMIT 1[0m
  [1m[36mActiveRecord::SchemaMigration Load (0.2ms)[0m  [1m[34mSELECT `schema_migrations`.`version` FROM `schema_migrations` ORDER BY `schema_migrations`.`version` ASC[0m
  [1m[36mActiveRecord::InternalMetadata Load (0.2ms)[0m  [1m[34mSELECT * FROM `ar_internal_metadata` WHERE `ar_internal_metadata`.`key` = 'environment' ORDER BY `ar_internal_metadata`.`key` ASC LIMIT 1[0m
  [1m[35m (51.2ms)[0m  [1m[35mDROP DATABASE IF EXISTS `hotel_management`[0m
  [1m[35m (20.8ms)[0m  [1m[35mCREATE TABLE `schema_migrations` (`version` varchar(255) NOT NULL PRIMARY KEY)[0m
  [1m[35m (4.7ms)[0m  [1m[35mCREATE TABLE `ar_internal_metadata` (`key` varchar(255) NOT NULL PRIMARY KEY, `value` varchar(255), `created_at` datetime(6) NOT NULL, `updated_at` datetime(6) NOT NULL)[0m
  [1m[35m (0.1ms)[0m  [1m[34mSELECT GET_LOCK('4361666860976504730', 0)[0m
  [1m[36mActiveRecord::SchemaMigration Load (1.6ms)[0m  [1m[34mSELECT `schema_migrations`.`version` FROM `schema_migrations` ORDER BY `schema_migrations`.`version` ASC[0m
  [1m[36mActiveRecord::InternalMetadata Load (0.6ms)[0m  [1m[34mSELECT * FROM `ar_internal_metadata` WHERE `ar_internal_metadata`.`key` = 'environment' ORDER BY `ar_internal_metadata`.`key` ASC LIMIT 1[0m
  [1m[36mActiveRecord::InternalMetadata Create (0.5ms)[0m  [1m[32mINSERT INTO `ar_internal_metadata` (`key`, `value`, `created_at`, `updated_at`) VALUES ('environment', 'development', '2024-01-07 07:43:13.573745', '2024-01-07 07:43:13.573747')[0m
Migrating to CreateRoles (20240107074043)
  [1m[35m (4.9ms)[0m  [1m[35mCREATE TABLE `roles` (`id` bigint NOT NULL AUTO_INCREMENT PRIMARY KEY, `role` varchar(255), `created_at` datetime(6) NOT NULL, `updated_at` datetime(6) NOT NULL)[0m
  [1m[36mActiveRecord::SchemaMigration Create (0.6ms)[0m  [1m[32mINSERT INTO `schema_migrations` (`version`) VALUES ('20240107074043')[0m
  [1m[35m (0.2ms)[0m  [1m[34mSELECT RELEASE_LOCK('4361666860976504730')[0m
  [1m[36mActiveRecord::SchemaMigration Load (0.2ms)[0m  [1m[34mSELECT `schema_migrations`.`version` FROM `schema_migrations` ORDER BY `schema_migrations`.`version` ASC[0m
  [1m[35m (0.2ms)[0m  [1m[34mSELECT GET_LOCK('4361666860976504730', 0)[0m
  [1m[36mActiveRecord::SchemaMigration Load (0.3ms)[0m  [1m[34mSELECT `schema_migrations`.`version` FROM `schema_migrations` ORDER BY `schema_migrations`.`version` ASC[0m
  [1m[36mActiveRecord::InternalMetadata Load (0.2ms)[0m  [1m[34mSELECT * FROM `ar_internal_metadata` WHERE `ar_internal_metadata`.`key` = 'environment' ORDER BY `ar_internal_metadata`.`key` ASC LIMIT 1[0m
Migrating to CreateUsers (20240107084118)
  [1m[35m (11.1ms)[0m  [1m[35mCREATE TABLE `users` (`id` bigint NOT NULL AUTO_INCREMENT PRIMARY KEY, `name` varchar(255), `phone_number` varchar(255), `password` varchar(255), `is_active` tinyint(1), `role_id` bigint NOT NULL, `created_at` datetime(6) NOT NULL, `updated_at` datetime(6) NOT NULL, INDEX `index_users_on_role_id` (`role_id`), CONSTRAINT `fk_rails_642f17018b`
FOREIGN KEY (`role_id`)
  REFERENCES `roles` (`id`)
)[0m
  [1m[36mActiveRecord::SchemaMigration Create (0.6ms)[0m  [1m[32mINSERT INTO `schema_migrations` (`version`) VALUES ('20240107084118')[0m
  [1m[35m (0.2ms)[0m  [1m[34mSELECT RELEASE_LOCK('4361666860976504730')[0m
  [1m[36mActiveRecord::SchemaMigration Load (0.2ms)[0m  [1m[34mSELECT `schema_migrations`.`version` FROM `schema_migrations` ORDER BY `schema_migrations`.`version` ASC[0m
  [1m[35m (0.2ms)[0m  [1m[34mSELECT GET_LOCK('4361666860976504730', 0)[0m
  [1m[36mActiveRecord::SchemaMigration Load (0.3ms)[0m  [1m[34mSELECT `schema_migrations`.`version` FROM `schema_migrations` ORDER BY `schema_migrations`.`version` ASC[0m
  [1m[36mActiveRecord::InternalMetadata Load (0.3ms)[0m  [1m[34mSELECT * FROM `ar_internal_metadata` WHERE `ar_internal_metadata`.`key` = 'environment' ORDER BY `ar_internal_metadata`.`key` ASC LIMIT 1[0m
Migrating to InsertRolesData (20240107084347)
  [1m[36mTRANSACTION (0.2ms)[0m  [1m[35mBEGIN[0m
  [1m[36mRole Create (1.9ms)[0m  [1m[32mINSERT INTO `roles` (`role`, `created_at`, `updated_at`) VALUES ('admin', '2024-01-07 08:44:34.372038', '2024-01-07 08:44:34.372038')[0m
  [1m[36mTRANSACTION (0.6ms)[0m  [1m[35mCOMMIT[0m
  [1m[36mTRANSACTION (0.2ms)[0m  [1m[35mBEGIN[0m
  [1m[36mRole Create (1.5ms)[0m  [1m[32mINSERT INTO `roles` (`role`, `created_at`, `updated_at`) VALUES ('user', '2024-01-07 08:44:34.377148', '2024-01-07 08:44:34.377148')[0m
  [1m[36mTRANSACTION (0.5ms)[0m  [1m[35mCOMMIT[0m
  [1m[36mActiveRecord::SchemaMigration Create (1.0ms)[0m  [1m[32mINSERT INTO `schema_migrations` (`version`) VALUES ('20240107084347')[0m
  [1m[35m (0.3ms)[0m  [1m[34mSELECT RELEASE_LOCK('4361666860976504730')[0m
  [1m[36mActiveRecord::SchemaMigration Load (0.4ms)[0m  [1m[34mSELECT `schema_migrations`.`version` FROM `schema_migrations` ORDER BY `schema_migrations`.`version` ASC[0m
  [1m[36mRole Load (0.5ms)[0m  [1m[34mSELECT `roles`.* FROM `roles` /* loading for pp */ LIMIT 11[0m
Started GET "/" for 127.0.0.1 at 2024-01-07 14:16:24 +0530
  [1m[36mActiveRecord::SchemaMigration Load (0.5ms)[0m  [1m[34mSELECT `schema_migrations`.`version` FROM `schema_migrations` ORDER BY `schema_migrations`.`version` ASC[0m
Processing by Rails::WelcomeController#index as HTML
  Rendering /Users/dalagaruppu/.rbenv/versions/3.2.2/lib/ruby/gems/3.2.0/gems/railties-7.1.2/lib/rails/templates/rails/welcome/index.html.erb
  Rendered /Users/dalagaruppu/.rbenv/versions/3.2.2/lib/ruby/gems/3.2.0/gems/railties-7.1.2/lib/rails/templates/rails/welcome/index.html.erb (Duration: 1.2ms | Allocations: 376)
Completed 200 OK in 24ms (Views: 7.9ms | ActiveRecord: 0.0ms | Allocations: 4269)


Started GET "/" for ::1 at 2024-01-07 14:16:29 +0530
Processing by Rails::WelcomeController#index as HTML
  Rendering /Users/dalagaruppu/.rbenv/versions/3.2.2/lib/ruby/gems/3.2.0/gems/railties-7.1.2/lib/rails/templates/rails/welcome/index.html.erb
  Rendered /Users/dalagaruppu/.rbenv/versions/3.2.2/lib/ruby/gems/3.2.0/gems/railties-7.1.2/lib/rails/templates/rails/welcome/index.html.erb (Duration: 0.1ms | Allocations: 13)
Completed 200 OK in 2ms (Views: 0.8ms | ActiveRecord: 0.0ms | Allocations: 211)


Started GET "/" for ::1 at 2024-01-07 19:02:11 +0530
Processing by Rails::WelcomeController#index as HTML
  Rendering /Users/dalagaruppu/.rbenv/versions/3.2.2/lib/ruby/gems/3.2.0/gems/railties-7.1.2/lib/rails/templates/rails/welcome/index.html.erb
  Rendered /Users/dalagaruppu/.rbenv/versions/3.2.2/lib/ruby/gems/3.2.0/gems/railties-7.1.2/lib/rails/templates/rails/welcome/index.html.erb (Duration: 1.3ms | Allocations: 13)
Completed 200 OK in 9ms (Views: 5.1ms | ActiveRecord: 0.0ms | Allocations: 210)


Started GET "/" for ::1 at 2024-01-07 19:29:09 +0530
Processing by Rails::WelcomeController#index as HTML
  Rendering /Users/dalagaruppu/.rbenv/versions/3.2.2/lib/ruby/gems/3.2.0/gems/railties-7.1.2/lib/rails/templates/rails/welcome/index.html.erb
  Rendered /Users/dalagaruppu/.rbenv/versions/3.2.2/lib/ruby/gems/3.2.0/gems/railties-7.1.2/lib/rails/templates/rails/welcome/index.html.erb (Duration: 0.1ms | Allocations: 13)
Completed 200 OK in 2ms (Views: 0.7ms | ActiveRecord: 0.0ms | Allocations: 211)


Started GET "/" for ::1 at 2024-01-07 19:37:48 +0530
Processing by Rails::WelcomeController#index as HTML
  Rendering /Users/dalagaruppu/.rbenv/versions/3.2.2/lib/ruby/gems/3.2.0/gems/railties-7.1.2/lib/rails/templates/rails/welcome/index.html.erb
  Rendered /Users/dalagaruppu/.rbenv/versions/3.2.2/lib/ruby/gems/3.2.0/gems/railties-7.1.2/lib/rails/templates/rails/welcome/index.html.erb (Duration: 0.1ms | Allocations: 13)
Completed 200 OK in 8ms (Views: 5.9ms | ActiveRecord: 0.0ms | Allocations: 206)


Started GET "/" for ::1 at 2024-01-07 19:37:55 +0530
Processing by Rails::WelcomeController#index as HTML
  Rendering /Users/dalagaruppu/.rbenv/versions/3.2.2/lib/ruby/gems/3.2.0/gems/railties-7.1.2/lib/rails/templates/rails/welcome/index.html.erb
  Rendered /Users/dalagaruppu/.rbenv/versions/3.2.2/lib/ruby/gems/3.2.0/gems/railties-7.1.2/lib/rails/templates/rails/welcome/index.html.erb (Duration: 0.1ms | Allocations: 13)
Completed 200 OK in 1ms (Views: 0.5ms | ActiveRecord: 0.0ms | Allocations: 210)


Started GET "/" for ::1 at 2024-01-07 19:39:04 +0530
  [1m[36mActiveRecord::SchemaMigration Load (0.6ms)[0m  [1m[34mSELECT `schema_migrations`.`version` FROM `schema_migrations` ORDER BY `schema_migrations`.`version` ASC[0m
Processing by Rails::WelcomeController#index as HTML
  Rendering /Users/dalagaruppu/.rbenv/versions/3.2.2/lib/ruby/gems/3.2.0/gems/railties-7.1.2/lib/rails/templates/rails/welcome/index.html.erb
  Rendered /Users/dalagaruppu/.rbenv/versions/3.2.2/lib/ruby/gems/3.2.0/gems/railties-7.1.2/lib/rails/templates/rails/welcome/index.html.erb (Duration: 0.8ms | Allocations: 376)
Completed 200 OK in 22ms (Views: 6.2ms | ActiveRecord: 0.0ms | Allocations: 4270)


Started GET "/" for ::1 at 2024-01-07 19:39:07 +0530
Processing by Rails::WelcomeController#index as HTML
  Rendering /Users/dalagaruppu/.rbenv/versions/3.2.2/lib/ruby/gems/3.2.0/gems/railties-7.1.2/lib/rails/templates/rails/welcome/index.html.erb
  Rendered /Users/dalagaruppu/.rbenv/versions/3.2.2/lib/ruby/gems/3.2.0/gems/railties-7.1.2/lib/rails/templates/rails/welcome/index.html.erb (Duration: 0.0ms | Allocations: 13)
Completed 200 OK in 1ms (Views: 0.4ms | ActiveRecord: 0.0ms | Allocations: 211)


Started GET "/" for ::1 at 2024-01-07 19:40:56 +0530
Processing by Rails::WelcomeController#index as HTML
  Rendering /Users/dalagaruppu/.rbenv/versions/3.2.2/lib/ruby/gems/3.2.0/gems/railties-7.1.2/lib/rails/templates/rails/welcome/index.html.erb
  Rendered /Users/dalagaruppu/.rbenv/versions/3.2.2/lib/ruby/gems/3.2.0/gems/railties-7.1.2/lib/rails/templates/rails/welcome/index.html.erb (Duration: 0.0ms | Allocations: 13)
Completed 200 OK in 1ms (Views: 0.5ms | ActiveRecord: 0.0ms | Allocations: 206)


Started GET "/" for ::1 at 2024-01-07 19:41:30 +0530
Processing by Rails::WelcomeController#index as HTML
  Rendering /Users/dalagaruppu/.rbenv/versions/3.2.2/lib/ruby/gems/3.2.0/gems/railties-7.1.2/lib/rails/templates/rails/welcome/index.html.erb
  Rendered /Users/dalagaruppu/.rbenv/versions/3.2.2/lib/ruby/gems/3.2.0/gems/railties-7.1.2/lib/rails/templates/rails/welcome/index.html.erb (Duration: 0.0ms | Allocations: 13)
Completed 200 OK in 1ms (Views: 0.4ms | ActiveRecord: 0.0ms | Allocations: 210)


Started GET "/" for ::1 at 2024-01-07 19:41:57 +0530
Processing by Rails::WelcomeController#index as HTML
  Rendering /Users/dalagaruppu/.rbenv/versions/3.2.2/lib/ruby/gems/3.2.0/gems/railties-7.1.2/lib/rails/templates/rails/welcome/index.html.erb
  Rendered /Users/dalagaruppu/.rbenv/versions/3.2.2/lib/ruby/gems/3.2.0/gems/railties-7.1.2/lib/rails/templates/rails/welcome/index.html.erb (Duration: 0.1ms | Allocations: 13)
Completed 200 OK in 1ms (Views: 0.6ms | ActiveRecord: 0.0ms | Allocations: 210)


Started GET "/" for ::1 at 2024-01-07 19:42:49 +0530
Processing by UserController#index as HTML
Completed 500 Internal Server Error in 5ms (ActiveRecord: 0.0ms | Allocations: 1508)


  
ActionView::MissingTemplate (Missing template user/index, application/index with {:locale=>[:en], :formats=>[:html], :variants=>[], :handlers=>[:raw, :erb, :html, :builder, :ruby, :jbuilder]}.

Searched in:
  * "/Users/dalagaruppu/Documents/clone/app/views"
  * "/Users/dalagaruppu/.rbenv/versions/3.2.2/lib/ruby/gems/3.2.0/gems/turbo-rails-1.5.0/app/views"
  * "/Users/dalagaruppu/.rbenv/versions/3.2.2/lib/ruby/gems/3.2.0/gems/actiontext-7.1.2/app/views"
  * "/Users/dalagaruppu/.rbenv/versions/3.2.2/lib/ruby/gems/3.2.0/gems/actionmailbox-7.1.2/app/views"
):
  
app/controllers/user_controller.rb:10:in `index'
Started GET "/" for ::1 at 2024-01-07 19:42:50 +0530
Processing by UserController#index as HTML
Completed 500 Internal Server Error in 2ms (ActiveRecord: 0.0ms | Allocations: 683)


  
ActionView::MissingTemplate (Missing template user/index, application/index with {:locale=>[:en], :formats=>[:html], :variants=>[], :handlers=>[:raw, :erb, :html, :builder, :ruby, :jbuilder]}.

Searched in:
  * "/Users/dalagaruppu/Documents/clone/app/views"
  * "/Users/dalagaruppu/.rbenv/versions/3.2.2/lib/ruby/gems/3.2.0/gems/turbo-rails-1.5.0/app/views"
  * "/Users/dalagaruppu/.rbenv/versions/3.2.2/lib/ruby/gems/3.2.0/gems/actiontext-7.1.2/app/views"
  * "/Users/dalagaruppu/.rbenv/versions/3.2.2/lib/ruby/gems/3.2.0/gems/actionmailbox-7.1.2/app/views"
):
  
app/controllers/user_controller.rb:10:in `index'
Started GET "/" for ::1 at 2024-01-07 19:43:11 +0530
  
AbstractController::ActionNotFound (The action 'index' could not be found for UserController):
  
actionpack (7.1.2) lib/abstract_controller/base.rb:155:in `process'
actionview (7.1.2) lib/action_view/rendering.rb:40:in `process'
actionpack (7.1.2) lib/action_controller/metal.rb:227:in `dispatch'
actionpack (7.1.2) lib/action_controller/metal.rb:309:in `dispatch'
actionpack (7.1.2) lib/action_dispatch/routing/route_set.rb:49:in `dispatch'
actionpack (7.1.2) lib/action_dispatch/routing/route_set.rb:32:in `serve'
actionpack (7.1.2) lib/action_dispatch/journey/router.rb:51:in `block in serve'
actionpack (7.1.2) lib/action_dispatch/journey/router.rb:131:in `block in find_routes'
actionpack (7.1.2) lib/action_dispatch/journey/router.rb:124:in `each'
actionpack (7.1.2) lib/action_dispatch/journey/router.rb:124:in `find_routes'
actionpack (7.1.2) lib/action_dispatch/journey/router.rb:32:in `serve'
actionpack (7.1.2) lib/action_dispatch/routing/route_set.rb:882:in `call'
rack (3.0.8) lib/rack/tempfile_reaper.rb:20:in `call'
rack (3.0.8) lib/rack/etag.rb:29:in `call'
rack (3.0.8) lib/rack/conditional_get.rb:31:in `call'
rack (3.0.8) lib/rack/head.rb:15:in `call'
actionpack (7.1.2) lib/action_dispatch/http/permissions_policy.rb:36:in `call'
actionpack (7.1.2) lib/action_dispatch/http/content_security_policy.rb:33:in `call'
rack-session (2.0.0) lib/rack/session/abstract/id.rb:272:in `context'
rack-session (2.0.0) lib/rack/session/abstract/id.rb:266:in `call'
actionpack (7.1.2) lib/action_dispatch/middleware/cookies.rb:689:in `call'
activerecord (7.1.2) lib/active_record/migration.rb:654:in `call'
actionpack (7.1.2) lib/action_dispatch/middleware/callbacks.rb:29:in `block in call'
activesupport (7.1.2) lib/active_support/callbacks.rb:101:in `run_callbacks'
actionpack (7.1.2) lib/action_dispatch/middleware/callbacks.rb:28:in `call'
actionpack (7.1.2) lib/action_dispatch/middleware/executor.rb:14:in `call'
actionpack (7.1.2) lib/action_dispatch/middleware/actionable_exceptions.rb:16:in `call'
actionpack (7.1.2) lib/action_dispatch/middleware/debug_exceptions.rb:29:in `call'
web-console (4.2.1) lib/web_console/middleware.rb:132:in `call_app'
web-console (4.2.1) lib/web_console/middleware.rb:28:in `block in call'
web-console (4.2.1) lib/web_console/middleware.rb:17:in `catch'
web-console (4.2.1) lib/web_console/middleware.rb:17:in `call'
actionpack (7.1.2) lib/action_dispatch/middleware/show_exceptions.rb:31:in `call'
railties (7.1.2) lib/rails/rack/logger.rb:37:in `call_app'
railties (7.1.2) lib/rails/rack/logger.rb:24:in `block in call'
activesupport (7.1.2) lib/active_support/tagged_logging.rb:135:in `block in tagged'
activesupport (7.1.2) lib/active_support/tagged_logging.rb:39:in `tagged'
activesupport (7.1.2) lib/active_support/tagged_logging.rb:135:in `tagged'
activesupport (7.1.2) lib/active_support/broadcast_logger.rb:240:in `method_missing'
railties (7.1.2) lib/rails/rack/logger.rb:24:in `call'
sprockets-rails (3.4.2) lib/sprockets/rails/quiet_assets.rb:13:in `call'
actionpack (7.1.2) lib/action_dispatch/middleware/remote_ip.rb:92:in `call'
actionpack (7.1.2) lib/action_dispatch/middleware/request_id.rb:28:in `call'
rack (3.0.8) lib/rack/method_override.rb:28:in `call'
rack (3.0.8) lib/rack/runtime.rb:24:in `call'
activesupport (7.1.2) lib/active_support/cache/strategy/local_cache_middleware.rb:29:in `call'
actionpack (7.1.2) lib/action_dispatch/middleware/server_timing.rb:59:in `block in call'
actionpack (7.1.2) lib/action_dispatch/middleware/server_timing.rb:24:in `collect_events'
actionpack (7.1.2) lib/action_dispatch/middleware/server_timing.rb:58:in `call'
actionpack (7.1.2) lib/action_dispatch/middleware/executor.rb:14:in `call'
actionpack (7.1.2) lib/action_dispatch/middleware/static.rb:25:in `call'
rack (3.0.8) lib/rack/sendfile.rb:114:in `call'
actionpack (7.1.2) lib/action_dispatch/middleware/host_authorization.rb:141:in `call'
railties (7.1.2) lib/rails/engine.rb:529:in `call'
puma (6.4.1) lib/puma/configuration.rb:272:in `call'
puma (6.4.1) lib/puma/request.rb:100:in `block in handle_request'
puma (6.4.1) lib/puma/thread_pool.rb:378:in `with_force_shutdown'
puma (6.4.1) lib/puma/request.rb:99:in `handle_request'
puma (6.4.1) lib/puma/server.rb:464:in `process_client'
puma (6.4.1) lib/puma/server.rb:245:in `block in run'
puma (6.4.1) lib/puma/thread_pool.rb:155:in `block in spawn_thread'
Started GET "/" for ::1 at 2024-01-07 19:43:59 +0530
Processing by UserController#index as HTML
Completed 500 Internal Server Error in 3ms (ActiveRecord: 0.0ms | Allocations: 1082)


  
ActionView::MissingTemplate (Missing template user/index, application/index with {:locale=>[:en], :formats=>[:html], :variants=>[], :handlers=>[:raw, :erb, :html, :builder, :ruby, :jbuilder]}.

Searched in:
  * "/Users/dalagaruppu/Documents/clone/app/views"
  * "/Users/dalagaruppu/.rbenv/versions/3.2.2/lib/ruby/gems/3.2.0/gems/turbo-rails-1.5.0/app/views"
  * "/Users/dalagaruppu/.rbenv/versions/3.2.2/lib/ruby/gems/3.2.0/gems/actiontext-7.1.2/app/views"
  * "/Users/dalagaruppu/.rbenv/versions/3.2.2/lib/ruby/gems/3.2.0/gems/actionmailbox-7.1.2/app/views"
):
  
app/controllers/user_controller.rb:10:in `index'
Started GET "/" for ::1 at 2024-01-07 19:44:12 +0530
Processing by UserController#index as HTML
Completed 500 Internal Server Error in 2ms (ActiveRecord: 0.0ms | Allocations: 1058)


  
ActionView::MissingTemplate (Missing template /index with {:locale=>[:en], :formats=>[:html], :variants=>[], :handlers=>[:raw, :erb, :html, :builder, :ruby, :jbuilder]}.

Searched in:
  * "/Users/dalagaruppu/Documents/clone/app/views"
  * "/Users/dalagaruppu/.rbenv/versions/3.2.2/lib/ruby/gems/3.2.0/gems/turbo-rails-1.5.0/app/views"
  * "/Users/dalagaruppu/.rbenv/versions/3.2.2/lib/ruby/gems/3.2.0/gems/actiontext-7.1.2/app/views"
  * "/Users/dalagaruppu/.rbenv/versions/3.2.2/lib/ruby/gems/3.2.0/gems/actionmailbox-7.1.2/app/views"
):
  
app/controllers/user_controller.rb:10:in `index'
Started GET "/" for ::1 at 2024-01-07 19:47:01 +0530
Processing by UserController#index as HTML
Completed 500 Internal Server Error in 3ms (ActiveRecord: 0.0ms | Allocations: 999)


  
ActionView::MissingTemplate (Missing template /index with {:locale=>[:en], :formats=>[:html], :variants=>[], :handlers=>[:raw, :erb, :html, :builder, :ruby, :jbuilder]}.

Searched in:
  * "/Users/dalagaruppu/Documents/clone/app/views"
  * "/Users/dalagaruppu/.rbenv/versions/3.2.2/lib/ruby/gems/3.2.0/gems/turbo-rails-1.5.0/app/views"
  * "/Users/dalagaruppu/.rbenv/versions/3.2.2/lib/ruby/gems/3.2.0/gems/actiontext-7.1.2/app/views"
  * "/Users/dalagaruppu/.rbenv/versions/3.2.2/lib/ruby/gems/3.2.0/gems/actionmailbox-7.1.2/app/views"
):
  
app/controllers/user_controller.rb:10:in `index'
Started GET "/" for ::1 at 2024-01-07 19:47:07 +0530
Processing by UserController#index as HTML
Completed 500 Internal Server Error in 1ms (ActiveRecord: 0.0ms | Allocations: 670)


  
ActionView::MissingTemplate (Missing template /index with {:locale=>[:en], :formats=>[:html], :variants=>[], :handlers=>[:raw, :erb, :html, :builder, :ruby, :jbuilder]}.

Searched in:
  * "/Users/dalagaruppu/Documents/clone/app/views"
  * "/Users/dalagaruppu/.rbenv/versions/3.2.2/lib/ruby/gems/3.2.0/gems/turbo-rails-1.5.0/app/views"
  * "/Users/dalagaruppu/.rbenv/versions/3.2.2/lib/ruby/gems/3.2.0/gems/actiontext-7.1.2/app/views"
  * "/Users/dalagaruppu/.rbenv/versions/3.2.2/lib/ruby/gems/3.2.0/gems/actionmailbox-7.1.2/app/views"
):
  
app/controllers/user_controller.rb:10:in `index'
Started GET "/" for ::1 at 2024-01-07 19:48:21 +0530
  
ArgumentError (Missing :controller key on routes definition, please check your routes.):
  
config/routes.rb:10:in `block in <main>'
config/routes.rb:1:in `<main>'
Started GET "/" for ::1 at 2024-01-07 19:51:49 +0530
Processing by UserController#index as HTML
Completed 500 Internal Server Error in 3ms (ActiveRecord: 0.0ms | Allocations: 999)


  
ActionView::MissingTemplate (Missing template /index with {:locale=>[:en], :formats=>[:html], :variants=>[], :handlers=>[:raw, :erb, :html, :builder, :ruby, :jbuilder]}.

Searched in:
  * "/Users/dalagaruppu/Documents/clone/app/views"
  * "/Users/dalagaruppu/.rbenv/versions/3.2.2/lib/ruby/gems/3.2.0/gems/turbo-rails-1.5.0/app/views"
  * "/Users/dalagaruppu/.rbenv/versions/3.2.2/lib/ruby/gems/3.2.0/gems/actiontext-7.1.2/app/views"
  * "/Users/dalagaruppu/.rbenv/versions/3.2.2/lib/ruby/gems/3.2.0/gems/actionmailbox-7.1.2/app/views"
):
  
app/controllers/user_controller.rb:11:in `index'
Started GET "/" for ::1 at 2024-01-07 19:53:11 +0530
Processing by UserController#index as HTML
Completed 500 Internal Server Error in 1ms (ActiveRecord: 0.0ms | Allocations: 670)


  
ActionView::MissingTemplate (Missing template /index with {:locale=>[:en], :formats=>[:html], :variants=>[], :handlers=>[:raw, :erb, :html, :builder, :ruby, :jbuilder]}.

Searched in:
  * "/Users/dalagaruppu/Documents/clone/app/views"
  * "/Users/dalagaruppu/.rbenv/versions/3.2.2/lib/ruby/gems/3.2.0/gems/turbo-rails-1.5.0/app/views"
  * "/Users/dalagaruppu/.rbenv/versions/3.2.2/lib/ruby/gems/3.2.0/gems/actiontext-7.1.2/app/views"
  * "/Users/dalagaruppu/.rbenv/versions/3.2.2/lib/ruby/gems/3.2.0/gems/actionmailbox-7.1.2/app/views"
):
  
app/controllers/user_controller.rb:11:in `index'
Started GET "/" for ::1 at 2024-01-07 19:53:28 +0530
Processing by UserController#index as HTML
Completed 500 Internal Server Error in 1ms (ActiveRecord: 0.0ms | Allocations: 670)


  
ActionView::MissingTemplate (Missing template /index with {:locale=>[:en], :formats=>[:html], :variants=>[], :handlers=>[:raw, :erb, :html, :builder, :ruby, :jbuilder]}.

Searched in:
  * "/Users/dalagaruppu/Documents/clone/app/views"
  * "/Users/dalagaruppu/.rbenv/versions/3.2.2/lib/ruby/gems/3.2.0/gems/turbo-rails-1.5.0/app/views"
  * "/Users/dalagaruppu/.rbenv/versions/3.2.2/lib/ruby/gems/3.2.0/gems/actiontext-7.1.2/app/views"
  * "/Users/dalagaruppu/.rbenv/versions/3.2.2/lib/ruby/gems/3.2.0/gems/actionmailbox-7.1.2/app/views"
):
  
app/controllers/user_controller.rb:11:in `index'
Started GET "/" for ::1 at 2024-01-07 20:09:41 +0530
Processing by UserController#index as HTML
Completed 500 Internal Server Error in 2ms (ActiveRecord: 0.0ms | Allocations: 670)


  
ActionView::MissingTemplate (Missing template /index with {:locale=>[:en], :formats=>[:html], :variants=>[], :handlers=>[:raw, :erb, :html, :builder, :ruby, :jbuilder]}.

Searched in:
  * "/Users/dalagaruppu/Documents/clone/app/views"
  * "/Users/dalagaruppu/.rbenv/versions/3.2.2/lib/ruby/gems/3.2.0/gems/turbo-rails-1.5.0/app/views"
  * "/Users/dalagaruppu/.rbenv/versions/3.2.2/lib/ruby/gems/3.2.0/gems/actiontext-7.1.2/app/views"
  * "/Users/dalagaruppu/.rbenv/versions/3.2.2/lib/ruby/gems/3.2.0/gems/actionmailbox-7.1.2/app/views"
):
  
app/controllers/user_controller.rb:11:in `index'
Started GET "/" for ::1 at 2024-01-07 20:09:42 +0530
Processing by UserController#index as HTML
Completed 500 Internal Server Error in 1ms (ActiveRecord: 0.0ms | Allocations: 670)


  
ActionView::MissingTemplate (Missing template /index with {:locale=>[:en], :formats=>[:html], :variants=>[], :handlers=>[:raw, :erb, :html, :builder, :ruby, :jbuilder]}.

Searched in:
  * "/Users/dalagaruppu/Documents/clone/app/views"
  * "/Users/dalagaruppu/.rbenv/versions/3.2.2/lib/ruby/gems/3.2.0/gems/turbo-rails-1.5.0/app/views"
  * "/Users/dalagaruppu/.rbenv/versions/3.2.2/lib/ruby/gems/3.2.0/gems/actiontext-7.1.2/app/views"
  * "/Users/dalagaruppu/.rbenv/versions/3.2.2/lib/ruby/gems/3.2.0/gems/actionmailbox-7.1.2/app/views"
):
  
app/controllers/user_controller.rb:11:in `index'
Started GET "/" for ::1 at 2024-01-07 20:09:43 +0530
Processing by UserController#index as HTML
Completed 500 Internal Server Error in 4ms (ActiveRecord: 0.0ms | Allocations: 4374)


  
ActionView::MissingTemplate (Missing template /index with {:locale=>[:en], :formats=>[:html], :variants=>[], :handlers=>[:raw, :erb, :html, :builder, :ruby, :jbuilder]}.

Searched in:
  * "/Users/dalagaruppu/Documents/clone/app/views"
  * "/Users/dalagaruppu/.rbenv/versions/3.2.2/lib/ruby/gems/3.2.0/gems/turbo-rails-1.5.0/app/views"
  * "/Users/dalagaruppu/.rbenv/versions/3.2.2/lib/ruby/gems/3.2.0/gems/actiontext-7.1.2/app/views"
  * "/Users/dalagaruppu/.rbenv/versions/3.2.2/lib/ruby/gems/3.2.0/gems/actionmailbox-7.1.2/app/views"
):
  
app/controllers/user_controller.rb:11:in `index'
Started GET "/" for ::1 at 2024-01-07 20:09:43 +0530
Processing by UserController#index as HTML
Completed 500 Internal Server Error in 3ms (ActiveRecord: 0.0ms | Allocations: 670)


  
ActionView::MissingTemplate (Missing template /index with {:locale=>[:en], :formats=>[:html], :variants=>[], :handlers=>[:raw, :erb, :html, :builder, :ruby, :jbuilder]}.

Searched in:
  * "/Users/dalagaruppu/Documents/clone/app/views"
  * "/Users/dalagaruppu/.rbenv/versions/3.2.2/lib/ruby/gems/3.2.0/gems/turbo-rails-1.5.0/app/views"
  * "/Users/dalagaruppu/.rbenv/versions/3.2.2/lib/ruby/gems/3.2.0/gems/actiontext-7.1.2/app/views"
  * "/Users/dalagaruppu/.rbenv/versions/3.2.2/lib/ruby/gems/3.2.0/gems/actionmailbox-7.1.2/app/views"
):
  
app/controllers/user_controller.rb:11:in `index'
Started GET "/" for ::1 at 2024-01-07 20:10:24 +0530
Processing by UserController#index as HTML
Completed 500 Internal Server Error in 1ms (ActiveRecord: 0.0ms | Allocations: 670)


  
ActionView::MissingTemplate (Missing template /index with {:locale=>[:en], :formats=>[:html], :variants=>[], :handlers=>[:raw, :erb, :html, :builder, :ruby, :jbuilder]}.

Searched in:
  * "/Users/dalagaruppu/Documents/clone/app/views"
  * "/Users/dalagaruppu/.rbenv/versions/3.2.2/lib/ruby/gems/3.2.0/gems/turbo-rails-1.5.0/app/views"
  * "/Users/dalagaruppu/.rbenv/versions/3.2.2/lib/ruby/gems/3.2.0/gems/actiontext-7.1.2/app/views"
  * "/Users/dalagaruppu/.rbenv/versions/3.2.2/lib/ruby/gems/3.2.0/gems/actionmailbox-7.1.2/app/views"
):
  
app/controllers/user_controller.rb:11:in `index'
Started GET "/" for ::1 at 2024-01-07 20:15:47 +0530
Processing by UserController#index as HTML
  Rendering layout layouts/application.html.erb
  Rendering user/index.html.erb within layouts/application
  Rendered user/index.html.erb within layouts/application (Duration: 0.4ms | Allocations: 91)
  Rendered layout layouts/application.html.erb (Duration: 365.9ms | Allocations: 92782)
Completed 200 OK in 371ms (Views: 369.8ms | ActiveRecord: 0.0ms | Allocations: 93681)


Started GET "/" for ::1 at 2024-01-07 20:16:03 +0530
Processing by UserController#index as HTML
  Rendering layout layouts/application.html.erb
  Rendering user/index.html.erb within layouts/application
  Rendered user/index.html.erb within layouts/application (Duration: 0.0ms | Allocations: 6)
  Rendered layout layouts/application.html.erb (Duration: 22.7ms | Allocations: 3924)
Completed 200 OK in 24ms (Views: 23.5ms | ActiveRecord: 0.0ms | Allocations: 4156)


Started GET "/" for ::1 at 2024-01-07 20:16:04 +0530
Processing by UserController#index as HTML
  Rendering layout layouts/application.html.erb
  Rendering user/index.html.erb within layouts/application
  Rendered user/index.html.erb within layouts/application (Duration: 0.0ms | Allocations: 6)
  Rendered layout layouts/application.html.erb (Duration: 2.7ms | Allocations: 1419)
Completed 200 OK in 4ms (Views: 3.3ms | ActiveRecord: 0.0ms | Allocations: 1651)


Started POST "/new_user" for ::1 at 2024-01-07 20:23:42 +0530
  
ArgumentError (Missing :controller key on routes definition, please check your routes.):
  
config/routes.rb:14:in `block in <main>'
config/routes.rb:1:in `<main>'
Started POST "/new_user" for ::1 at 2024-01-07 20:26:11 +0530
Processing by UserController#create_user as */*
  Parameters: {"name"=>"Dharunraj", "phone_number"=>"9361320511", "password"=>"[FILTERED]", "role"=>"user"}
Can't verify CSRF token authenticity.
Completed 422 Unprocessable Entity in 0ms (ActiveRecord: 0.0ms | Allocations: 468)


  
ActionController::InvalidAuthenticityToken (Can't verify CSRF token authenticity.):
  
actionpack (7.1.2) lib/action_controller/metal/request_forgery_protection.rb:293:in `handle_unverified_request'
actionpack (7.1.2) lib/action_controller/metal/request_forgery_protection.rb:388:in `handle_unverified_request'
actionpack (7.1.2) lib/action_controller/metal/request_forgery_protection.rb:377:in `verify_authenticity_token'
activesupport (7.1.2) lib/active_support/callbacks.rb:403:in `block in make_lambda'
activesupport (7.1.2) lib/active_support/callbacks.rb:202:in `block (2 levels) in halting'
actionpack (7.1.2) lib/abstract_controller/callbacks.rb:34:in `block (2 levels) in <module:Callbacks>'
activesupport (7.1.2) lib/active_support/callbacks.rb:203:in `block in halting'
activesupport (7.1.2) lib/active_support/callbacks.rb:598:in `block in invoke_before'
activesupport (7.1.2) lib/active_support/callbacks.rb:598:in `each'
activesupport (7.1.2) lib/active_support/callbacks.rb:598:in `invoke_before'
activesupport (7.1.2) lib/active_support/callbacks.rb:119:in `block in run_callbacks'
activesupport (7.1.2) lib/active_support/callbacks.rb:141:in `run_callbacks'
actionpack (7.1.2) lib/abstract_controller/callbacks.rb:258:in `process_action'
actionpack (7.1.2) lib/action_controller/metal/rescue.rb:25:in `process_action'
actionpack (7.1.2) lib/action_controller/metal/instrumentation.rb:74:in `block in process_action'
activesupport (7.1.2) lib/active_support/notifications.rb:206:in `block in instrument'
activesupport (7.1.2) lib/active_support/notifications/instrumenter.rb:58:in `instrument'
activesupport (7.1.2) lib/active_support/notifications.rb:206:in `instrument'
actionpack (7.1.2) lib/action_controller/metal/instrumentation.rb:73:in `process_action'
actionpack (7.1.2) lib/action_controller/metal/params_wrapper.rb:261:in `process_action'
activerecord (7.1.2) lib/active_record/railties/controller_runtime.rb:32:in `process_action'
actionpack (7.1.2) lib/abstract_controller/base.rb:160:in `process'
actionview (7.1.2) lib/action_view/rendering.rb:40:in `process'
actionpack (7.1.2) lib/action_controller/metal.rb:227:in `dispatch'
actionpack (7.1.2) lib/action_controller/metal.rb:309:in `dispatch'
actionpack (7.1.2) lib/action_dispatch/routing/route_set.rb:49:in `dispatch'
actionpack (7.1.2) lib/action_dispatch/routing/route_set.rb:32:in `serve'
actionpack (7.1.2) lib/action_dispatch/journey/router.rb:51:in `block in serve'
actionpack (7.1.2) lib/action_dispatch/journey/router.rb:131:in `block in find_routes'
actionpack (7.1.2) lib/action_dispatch/journey/router.rb:124:in `each'
actionpack (7.1.2) lib/action_dispatch/journey/router.rb:124:in `find_routes'
actionpack (7.1.2) lib/action_dispatch/journey/router.rb:32:in `serve'
actionpack (7.1.2) lib/action_dispatch/routing/route_set.rb:882:in `call'
rack (3.0.8) lib/rack/tempfile_reaper.rb:20:in `call'
rack (3.0.8) lib/rack/etag.rb:29:in `call'
rack (3.0.8) lib/rack/conditional_get.rb:43:in `call'
rack (3.0.8) lib/rack/head.rb:15:in `call'
actionpack (7.1.2) lib/action_dispatch/http/permissions_policy.rb:36:in `call'
actionpack (7.1.2) lib/action_dispatch/http/content_security_policy.rb:33:in `call'
rack-session (2.0.0) lib/rack/session/abstract/id.rb:272:in `context'
rack-session (2.0.0) lib/rack/session/abstract/id.rb:266:in `call'
actionpack (7.1.2) lib/action_dispatch/middleware/cookies.rb:689:in `call'
activerecord (7.1.2) lib/active_record/migration.rb:654:in `call'
actionpack (7.1.2) lib/action_dispatch/middleware/callbacks.rb:29:in `block in call'
activesupport (7.1.2) lib/active_support/callbacks.rb:101:in `run_callbacks'
actionpack (7.1.2) lib/action_dispatch/middleware/callbacks.rb:28:in `call'
actionpack (7.1.2) lib/action_dispatch/middleware/executor.rb:14:in `call'
actionpack (7.1.2) lib/action_dispatch/middleware/actionable_exceptions.rb:16:in `call'
actionpack (7.1.2) lib/action_dispatch/middleware/debug_exceptions.rb:29:in `call'
web-console (4.2.1) lib/web_console/middleware.rb:132:in `call_app'
web-console (4.2.1) lib/web_console/middleware.rb:28:in `block in call'
web-console (4.2.1) lib/web_console/middleware.rb:17:in `catch'
web-console (4.2.1) lib/web_console/middleware.rb:17:in `call'
actionpack (7.1.2) lib/action_dispatch/middleware/show_exceptions.rb:31:in `call'
railties (7.1.2) lib/rails/rack/logger.rb:37:in `call_app'
railties (7.1.2) lib/rails/rack/logger.rb:24:in `block in call'
activesupport (7.1.2) lib/active_support/tagged_logging.rb:135:in `block in tagged'
activesupport (7.1.2) lib/active_support/tagged_logging.rb:39:in `tagged'
activesupport (7.1.2) lib/active_support/tagged_logging.rb:135:in `tagged'
activesupport (7.1.2) lib/active_support/broadcast_logger.rb:240:in `method_missing'
railties (7.1.2) lib/rails/rack/logger.rb:24:in `call'
sprockets-rails (3.4.2) lib/sprockets/rails/quiet_assets.rb:13:in `call'
actionpack (7.1.2) lib/action_dispatch/middleware/remote_ip.rb:92:in `call'
actionpack (7.1.2) lib/action_dispatch/middleware/request_id.rb:28:in `call'
rack (3.0.8) lib/rack/method_override.rb:28:in `call'
rack (3.0.8) lib/rack/runtime.rb:24:in `call'
activesupport (7.1.2) lib/active_support/cache/strategy/local_cache_middleware.rb:29:in `call'
actionpack (7.1.2) lib/action_dispatch/middleware/server_timing.rb:59:in `block in call'
actionpack (7.1.2) lib/action_dispatch/middleware/server_timing.rb:24:in `collect_events'
actionpack (7.1.2) lib/action_dispatch/middleware/server_timing.rb:58:in `call'
actionpack (7.1.2) lib/action_dispatch/middleware/executor.rb:14:in `call'
actionpack (7.1.2) lib/action_dispatch/middleware/static.rb:25:in `call'
rack (3.0.8) lib/rack/sendfile.rb:114:in `call'
actionpack (7.1.2) lib/action_dispatch/middleware/host_authorization.rb:141:in `call'
railties (7.1.2) lib/rails/engine.rb:529:in `call'
puma (6.4.1) lib/puma/configuration.rb:272:in `call'
puma (6.4.1) lib/puma/request.rb:100:in `block in handle_request'
puma (6.4.1) lib/puma/thread_pool.rb:378:in `with_force_shutdown'
puma (6.4.1) lib/puma/request.rb:99:in `handle_request'
puma (6.4.1) lib/puma/server.rb:464:in `process_client'
puma (6.4.1) lib/puma/server.rb:245:in `block in run'
puma (6.4.1) lib/puma/thread_pool.rb:155:in `block in spawn_thread'
Started POST "/new_user" for ::1 at 2024-01-07 20:29:30 +0530
Processing by UserController#create_user as */*
  Parameters: {"name"=>"Dharunraj", "phone_number"=>"9361320511", "password"=>"[FILTERED]", "role"=>"user"}
Can't verify CSRF token authenticity.
Completed 422 Unprocessable Entity in 1ms (ActiveRecord: 0.0ms | Allocations: 437)


  
ActionController::InvalidAuthenticityToken (Can't verify CSRF token authenticity.):
  
actionpack (7.1.2) lib/action_controller/metal/request_forgery_protection.rb:293:in `handle_unverified_request'
actionpack (7.1.2) lib/action_controller/metal/request_forgery_protection.rb:388:in `handle_unverified_request'
actionpack (7.1.2) lib/action_controller/metal/request_forgery_protection.rb:377:in `verify_authenticity_token'
activesupport (7.1.2) lib/active_support/callbacks.rb:403:in `block in make_lambda'
activesupport (7.1.2) lib/active_support/callbacks.rb:202:in `block (2 levels) in halting'
actionpack (7.1.2) lib/abstract_controller/callbacks.rb:34:in `block (2 levels) in <module:Callbacks>'
activesupport (7.1.2) lib/active_support/callbacks.rb:203:in `block in halting'
activesupport (7.1.2) lib/active_support/callbacks.rb:598:in `block in invoke_before'
activesupport (7.1.2) lib/active_support/callbacks.rb:598:in `each'
activesupport (7.1.2) lib/active_support/callbacks.rb:598:in `invoke_before'
activesupport (7.1.2) lib/active_support/callbacks.rb:119:in `block in run_callbacks'
activesupport (7.1.2) lib/active_support/callbacks.rb:141:in `run_callbacks'
actionpack (7.1.2) lib/abstract_controller/callbacks.rb:258:in `process_action'
actionpack (7.1.2) lib/action_controller/metal/rescue.rb:25:in `process_action'
actionpack (7.1.2) lib/action_controller/metal/instrumentation.rb:74:in `block in process_action'
activesupport (7.1.2) lib/active_support/notifications.rb:206:in `block in instrument'
activesupport (7.1.2) lib/active_support/notifications/instrumenter.rb:58:in `instrument'
activesupport (7.1.2) lib/active_support/notifications.rb:206:in `instrument'
actionpack (7.1.2) lib/action_controller/metal/instrumentation.rb:73:in `process_action'
actionpack (7.1.2) lib/action_controller/metal/params_wrapper.rb:261:in `process_action'
activerecord (7.1.2) lib/active_record/railties/controller_runtime.rb:32:in `process_action'
actionpack (7.1.2) lib/abstract_controller/base.rb:160:in `process'
actionview (7.1.2) lib/action_view/rendering.rb:40:in `process'
actionpack (7.1.2) lib/action_controller/metal.rb:227:in `dispatch'
actionpack (7.1.2) lib/action_controller/metal.rb:309:in `dispatch'
actionpack (7.1.2) lib/action_dispatch/routing/route_set.rb:49:in `dispatch'
actionpack (7.1.2) lib/action_dispatch/routing/route_set.rb:32:in `serve'
actionpack (7.1.2) lib/action_dispatch/journey/router.rb:51:in `block in serve'
actionpack (7.1.2) lib/action_dispatch/journey/router.rb:131:in `block in find_routes'
actionpack (7.1.2) lib/action_dispatch/journey/router.rb:124:in `each'
actionpack (7.1.2) lib/action_dispatch/journey/router.rb:124:in `find_routes'
actionpack (7.1.2) lib/action_dispatch/journey/router.rb:32:in `serve'
actionpack (7.1.2) lib/action_dispatch/routing/route_set.rb:882:in `call'
rack (3.0.8) lib/rack/tempfile_reaper.rb:20:in `call'
rack (3.0.8) lib/rack/etag.rb:29:in `call'
rack (3.0.8) lib/rack/conditional_get.rb:43:in `call'
rack (3.0.8) lib/rack/head.rb:15:in `call'
actionpack (7.1.2) lib/action_dispatch/http/permissions_policy.rb:36:in `call'
actionpack (7.1.2) lib/action_dispatch/http/content_security_policy.rb:33:in `call'
rack-session (2.0.0) lib/rack/session/abstract/id.rb:272:in `context'
rack-session (2.0.0) lib/rack/session/abstract/id.rb:266:in `call'
actionpack (7.1.2) lib/action_dispatch/middleware/cookies.rb:689:in `call'
activerecord (7.1.2) lib/active_record/migration.rb:654:in `call'
actionpack (7.1.2) lib/action_dispatch/middleware/callbacks.rb:29:in `block in call'
activesupport (7.1.2) lib/active_support/callbacks.rb:101:in `run_callbacks'
actionpack (7.1.2) lib/action_dispatch/middleware/callbacks.rb:28:in `call'
actionpack (7.1.2) lib/action_dispatch/middleware/executor.rb:14:in `call'
actionpack (7.1.2) lib/action_dispatch/middleware/actionable_exceptions.rb:16:in `call'
actionpack (7.1.2) lib/action_dispatch/middleware/debug_exceptions.rb:29:in `call'
web-console (4.2.1) lib/web_console/middleware.rb:132:in `call_app'
web-console (4.2.1) lib/web_console/middleware.rb:28:in `block in call'
web-console (4.2.1) lib/web_console/middleware.rb:17:in `catch'
web-console (4.2.1) lib/web_console/middleware.rb:17:in `call'
actionpack (7.1.2) lib/action_dispatch/middleware/show_exceptions.rb:31:in `call'
railties (7.1.2) lib/rails/rack/logger.rb:37:in `call_app'
railties (7.1.2) lib/rails/rack/logger.rb:24:in `block in call'
activesupport (7.1.2) lib/active_support/tagged_logging.rb:135:in `block in tagged'
activesupport (7.1.2) lib/active_support/tagged_logging.rb:39:in `tagged'
activesupport (7.1.2) lib/active_support/tagged_logging.rb:135:in `tagged'
activesupport (7.1.2) lib/active_support/broadcast_logger.rb:240:in `method_missing'
railties (7.1.2) lib/rails/rack/logger.rb:24:in `call'
sprockets-rails (3.4.2) lib/sprockets/rails/quiet_assets.rb:13:in `call'
actionpack (7.1.2) lib/action_dispatch/middleware/remote_ip.rb:92:in `call'
actionpack (7.1.2) lib/action_dispatch/middleware/request_id.rb:28:in `call'
rack (3.0.8) lib/rack/method_override.rb:28:in `call'
rack (3.0.8) lib/rack/runtime.rb:24:in `call'
activesupport (7.1.2) lib/active_support/cache/strategy/local_cache_middleware.rb:29:in `call'
actionpack (7.1.2) lib/action_dispatch/middleware/server_timing.rb:59:in `block in call'
actionpack (7.1.2) lib/action_dispatch/middleware/server_timing.rb:24:in `collect_events'
actionpack (7.1.2) lib/action_dispatch/middleware/server_timing.rb:58:in `call'
actionpack (7.1.2) lib/action_dispatch/middleware/executor.rb:14:in `call'
actionpack (7.1.2) lib/action_dispatch/middleware/static.rb:25:in `call'
rack (3.0.8) lib/rack/sendfile.rb:114:in `call'
actionpack (7.1.2) lib/action_dispatch/middleware/host_authorization.rb:141:in `call'
railties (7.1.2) lib/rails/engine.rb:529:in `call'
puma (6.4.1) lib/puma/configuration.rb:272:in `call'
puma (6.4.1) lib/puma/request.rb:100:in `block in handle_request'
puma (6.4.1) lib/puma/thread_pool.rb:378:in `with_force_shutdown'
puma (6.4.1) lib/puma/request.rb:99:in `handle_request'
puma (6.4.1) lib/puma/server.rb:464:in `process_client'
puma (6.4.1) lib/puma/server.rb:245:in `block in run'
puma (6.4.1) lib/puma/thread_pool.rb:155:in `block in spawn_thread'
Started POST "/new_user" for ::1 at 2024-01-07 20:30:44 +0530
  [1m[36mActiveRecord::SchemaMigration Load (0.6ms)[0m  [1m[34mSELECT `schema_migrations`.`version` FROM `schema_migrations` ORDER BY `schema_migrations`.`version` ASC[0m
Processing by UserController#create_user as */*
  Parameters: {"name"=>"Dharunraj", "phone_number"=>"9361320511", "password"=>"[FILTERED]", "role"=>"user"}
Can't verify CSRF token authenticity.
Completed 422 Unprocessable Entity in 1ms (ActiveRecord: 0.0ms | Allocations: 645)


  
ActionController::InvalidAuthenticityToken (Can't verify CSRF token authenticity.):
  
actionpack (7.1.2) lib/action_controller/metal/request_forgery_protection.rb:293:in `handle_unverified_request'
actionpack (7.1.2) lib/action_controller/metal/request_forgery_protection.rb:388:in `handle_unverified_request'
actionpack (7.1.2) lib/action_controller/metal/request_forgery_protection.rb:377:in `verify_authenticity_token'
activesupport (7.1.2) lib/active_support/callbacks.rb:403:in `block in make_lambda'
activesupport (7.1.2) lib/active_support/callbacks.rb:202:in `block (2 levels) in halting'
actionpack (7.1.2) lib/abstract_controller/callbacks.rb:34:in `block (2 levels) in <module:Callbacks>'
activesupport (7.1.2) lib/active_support/callbacks.rb:203:in `block in halting'
activesupport (7.1.2) lib/active_support/callbacks.rb:598:in `block in invoke_before'
activesupport (7.1.2) lib/active_support/callbacks.rb:598:in `each'
activesupport (7.1.2) lib/active_support/callbacks.rb:598:in `invoke_before'
activesupport (7.1.2) lib/active_support/callbacks.rb:119:in `block in run_callbacks'
activesupport (7.1.2) lib/active_support/callbacks.rb:141:in `run_callbacks'
actionpack (7.1.2) lib/abstract_controller/callbacks.rb:258:in `process_action'
actionpack (7.1.2) lib/action_controller/metal/rescue.rb:25:in `process_action'
actionpack (7.1.2) lib/action_controller/metal/instrumentation.rb:74:in `block in process_action'
activesupport (7.1.2) lib/active_support/notifications.rb:206:in `block in instrument'
activesupport (7.1.2) lib/active_support/notifications/instrumenter.rb:58:in `instrument'
activesupport (7.1.2) lib/active_support/notifications.rb:206:in `instrument'
actionpack (7.1.2) lib/action_controller/metal/instrumentation.rb:73:in `process_action'
actionpack (7.1.2) lib/action_controller/metal/params_wrapper.rb:261:in `process_action'
activerecord (7.1.2) lib/active_record/railties/controller_runtime.rb:32:in `process_action'
actionpack (7.1.2) lib/abstract_controller/base.rb:160:in `process'
actionview (7.1.2) lib/action_view/rendering.rb:40:in `process'
actionpack (7.1.2) lib/action_controller/metal.rb:227:in `dispatch'
actionpack (7.1.2) lib/action_controller/metal.rb:309:in `dispatch'
actionpack (7.1.2) lib/action_dispatch/routing/route_set.rb:49:in `dispatch'
actionpack (7.1.2) lib/action_dispatch/routing/route_set.rb:32:in `serve'
actionpack (7.1.2) lib/action_dispatch/journey/router.rb:51:in `block in serve'
actionpack (7.1.2) lib/action_dispatch/journey/router.rb:131:in `block in find_routes'
actionpack (7.1.2) lib/action_dispatch/journey/router.rb:124:in `each'
actionpack (7.1.2) lib/action_dispatch/journey/router.rb:124:in `find_routes'
actionpack (7.1.2) lib/action_dispatch/journey/router.rb:32:in `serve'
actionpack (7.1.2) lib/action_dispatch/routing/route_set.rb:882:in `call'
rack (3.0.8) lib/rack/tempfile_reaper.rb:20:in `call'
rack (3.0.8) lib/rack/etag.rb:29:in `call'
rack (3.0.8) lib/rack/conditional_get.rb:43:in `call'
rack (3.0.8) lib/rack/head.rb:15:in `call'
actionpack (7.1.2) lib/action_dispatch/http/permissions_policy.rb:36:in `call'
actionpack (7.1.2) lib/action_dispatch/http/content_security_policy.rb:33:in `call'
rack-session (2.0.0) lib/rack/session/abstract/id.rb:272:in `context'
rack-session (2.0.0) lib/rack/session/abstract/id.rb:266:in `call'
actionpack (7.1.2) lib/action_dispatch/middleware/cookies.rb:689:in `call'
activerecord (7.1.2) lib/active_record/migration.rb:654:in `call'
actionpack (7.1.2) lib/action_dispatch/middleware/callbacks.rb:29:in `block in call'
activesupport (7.1.2) lib/active_support/callbacks.rb:101:in `run_callbacks'
actionpack (7.1.2) lib/action_dispatch/middleware/callbacks.rb:28:in `call'
actionpack (7.1.2) lib/action_dispatch/middleware/executor.rb:14:in `call'
actionpack (7.1.2) lib/action_dispatch/middleware/actionable_exceptions.rb:16:in `call'
actionpack (7.1.2) lib/action_dispatch/middleware/debug_exceptions.rb:29:in `call'
web-console (4.2.1) lib/web_console/middleware.rb:132:in `call_app'
web-console (4.2.1) lib/web_console/middleware.rb:28:in `block in call'
web-console (4.2.1) lib/web_console/middleware.rb:17:in `catch'
web-console (4.2.1) lib/web_console/middleware.rb:17:in `call'
actionpack (7.1.2) lib/action_dispatch/middleware/show_exceptions.rb:31:in `call'
railties (7.1.2) lib/rails/rack/logger.rb:37:in `call_app'
railties (7.1.2) lib/rails/rack/logger.rb:24:in `block in call'
activesupport (7.1.2) lib/active_support/tagged_logging.rb:135:in `block in tagged'
activesupport (7.1.2) lib/active_support/tagged_logging.rb:39:in `tagged'
activesupport (7.1.2) lib/active_support/tagged_logging.rb:135:in `tagged'
activesupport (7.1.2) lib/active_support/broadcast_logger.rb:240:in `method_missing'
railties (7.1.2) lib/rails/rack/logger.rb:24:in `call'
sprockets-rails (3.4.2) lib/sprockets/rails/quiet_assets.rb:13:in `call'
actionpack (7.1.2) lib/action_dispatch/middleware/remote_ip.rb:92:in `call'
actionpack (7.1.2) lib/action_dispatch/middleware/request_id.rb:28:in `call'
rack (3.0.8) lib/rack/method_override.rb:28:in `call'
rack (3.0.8) lib/rack/runtime.rb:24:in `call'
activesupport (7.1.2) lib/active_support/cache/strategy/local_cache_middleware.rb:29:in `call'
actionpack (7.1.2) lib/action_dispatch/middleware/server_timing.rb:59:in `block in call'
actionpack (7.1.2) lib/action_dispatch/middleware/server_timing.rb:24:in `collect_events'
actionpack (7.1.2) lib/action_dispatch/middleware/server_timing.rb:58:in `call'
actionpack (7.1.2) lib/action_dispatch/middleware/executor.rb:14:in `call'
actionpack (7.1.2) lib/action_dispatch/middleware/static.rb:25:in `call'
rack (3.0.8) lib/rack/sendfile.rb:114:in `call'
actionpack (7.1.2) lib/action_dispatch/middleware/host_authorization.rb:141:in `call'
railties (7.1.2) lib/rails/engine.rb:529:in `call'
puma (6.4.1) lib/puma/configuration.rb:272:in `call'
puma (6.4.1) lib/puma/request.rb:100:in `block in handle_request'
puma (6.4.1) lib/puma/thread_pool.rb:378:in `with_force_shutdown'
puma (6.4.1) lib/puma/request.rb:99:in `handle_request'
puma (6.4.1) lib/puma/server.rb:464:in `process_client'
puma (6.4.1) lib/puma/server.rb:245:in `block in run'
puma (6.4.1) lib/puma/thread_pool.rb:155:in `block in spawn_thread'
Started POST "/new_user" for ::1 at 2024-01-07 20:33:43 +0530
Processing by UserController#create_user as */*
  Parameters: {"name"=>"Dharunraj", "phone_number"=>"9361320511", "password"=>"[FILTERED]", "role"=>"user"}
Can't verify CSRF token authenticity.
  [1m[36mRole Load (1.2ms)[0m  [1m[34mSELECT `roles`.* FROM `roles` WHERE `roles`.`role` = 'user' LIMIT 1[0m
  ↳ app/controllers/user_controller.rb:22:in `create_user'
  [1m[36mTRANSACTION (0.4ms)[0m  [1m[35mBEGIN[0m
  ↳ app/controllers/user_controller.rb:25:in `create_user'
  [1m[36mRole Load (0.6ms)[0m  [1m[34mSELECT `roles`.* FROM `roles` WHERE `roles`.`id` = 2 LIMIT 1[0m
  ↳ app/controllers/user_controller.rb:25:in `create_user'
  [1m[36mUser Create (3.8ms)[0m  [1m[32mINSERT INTO `users` (`name`, `phone_number`, `password`, `is_active`, `role_id`, `created_at`, `updated_at`) VALUES ('Dharunraj', '9361320511', '1234567890Dh', NULL, 2, '2024-01-07 15:03:43.833685', '2024-01-07 15:03:43.833685')[0m
  ↳ app/controllers/user_controller.rb:25:in `create_user'
  [1m[36mTRANSACTION (2.6ms)[0m  [1m[35mCOMMIT[0m
  ↳ app/controllers/user_controller.rb:25:in `create_user'
Completed 201 Created in 190ms (Views: 0.3ms | ActiveRecord: 19.8ms | Allocations: 34465)


Started POST "/new_user" for ::1 at 2024-01-07 20:36:57 +0530
Processing by UserController#create_user as */*
  Parameters: {"name"=>"mohan", "phone_number"=>"9361320512", "password"=>"[FILTERED]", "role"=>"admin"}
Can't verify CSRF token authenticity.
  [1m[36mRole Load (0.5ms)[0m  [1m[34mSELECT `roles`.* FROM `roles` WHERE `roles`.`role` = 'admin' LIMIT 1[0m
  ↳ app/controllers/user_controller.rb:22:in `create_user'
  [1m[36mTRANSACTION (0.4ms)[0m  [1m[35mBEGIN[0m
  ↳ app/controllers/user_controller.rb:25:in `create_user'
  [1m[36mRole Load (0.8ms)[0m  [1m[34mSELECT `roles`.* FROM `roles` WHERE `roles`.`id` = 1 LIMIT 1[0m
  ↳ app/controllers/user_controller.rb:25:in `create_user'
  [1m[36mUser Create (2.5ms)[0m  [1m[32mINSERT INTO `users` (`name`, `phone_number`, `password`, `is_active`, `role_id`, `created_at`, `updated_at`) VALUES ('mohan', '9361320512', '1234567890Mo', NULL, 1, '2024-01-07 15:06:57.195736', '2024-01-07 15:06:57.195736')[0m
  ↳ app/controllers/user_controller.rb:25:in `create_user'
  [1m[36mTRANSACTION (1.0ms)[0m  [1m[35mCOMMIT[0m
  ↳ app/controllers/user_controller.rb:25:in `create_user'
Completed 201 Created in 15ms (Views: 0.1ms | ActiveRecord: 5.2ms | Allocations: 2832)


Started POST "/new_user" for ::1 at 2024-01-07 20:40:39 +0530
  
NoMethodError (undefined method `validates' for UserController:Class):
  
app/controllers/user_controller.rb:4:in `<class:UserController>'
app/controllers/user_controller.rb:1:in `<main>'
Started POST "/new_user" for ::1 at 2024-01-07 20:42:41 +0530
Processing by UserController#create_user as */*
  Parameters: {"name"=>"mohan1", "phone_number"=>"9361320512", "password"=>"[FILTERED]", "role"=>"admin"}
Can't verify CSRF token authenticity.
  [1m[36mRole Load (1.0ms)[0m  [1m[34mSELECT `roles`.* FROM `roles` WHERE `roles`.`role` = 'admin' LIMIT 1[0m
  ↳ app/controllers/user_controller.rb:14:in `create_user'
  [1m[36mTRANSACTION (0.3ms)[0m  [1m[35mBEGIN[0m
  ↳ app/controllers/user_controller.rb:17:in `create_user'
  [1m[36mRole Load (0.5ms)[0m  [1m[34mSELECT `roles`.* FROM `roles` WHERE `roles`.`id` = 1 LIMIT 1[0m
  ↳ app/controllers/user_controller.rb:17:in `create_user'
  [1m[36mTRANSACTION (0.4ms)[0m  [1m[31mROLLBACK[0m
  ↳ app/controllers/user_controller.rb:17:in `create_user'
Completed 422 Unprocessable Entity in 59ms (Views: 0.4ms | ActiveRecord: 16.4ms | Allocations: 11728)


Started POST "/new_user" for ::1 at 2024-01-07 20:43:14 +0530
Processing by UserController#create_user as */*
  Parameters: {"name"=>"mohan", "phone_number"=>"93613205127878", "password"=>"[FILTERED]", "role"=>"admin"}
Can't verify CSRF token authenticity.
  [1m[36mRole Load (0.6ms)[0m  [1m[34mSELECT `roles`.* FROM `roles` WHERE `roles`.`role` = 'admin' LIMIT 1[0m
  ↳ app/controllers/user_controller.rb:14:in `create_user'
  [1m[36mTRANSACTION (0.4ms)[0m  [1m[35mBEGIN[0m
  ↳ app/controllers/user_controller.rb:17:in `create_user'
  [1m[36mRole Load (0.6ms)[0m  [1m[34mSELECT `roles`.* FROM `roles` WHERE `roles`.`id` = 1 LIMIT 1[0m
  ↳ app/controllers/user_controller.rb:17:in `create_user'
  [1m[36mTRANSACTION (0.4ms)[0m  [1m[31mROLLBACK[0m
  ↳ app/controllers/user_controller.rb:17:in `create_user'
Completed 422 Unprocessable Entity in 9ms (Views: 0.2ms | ActiveRecord: 1.9ms | Allocations: 2964)


Started POST "/new_user" for ::1 at 2024-01-07 20:43:21 +0530
Processing by UserController#create_user as */*
  Parameters: {"name"=>"mohan", "phone_number"=>"936132051a", "password"=>"[FILTERED]", "role"=>"admin"}
Can't verify CSRF token authenticity.
  [1m[36mRole Load (0.7ms)[0m  [1m[34mSELECT `roles`.* FROM `roles` WHERE `roles`.`role` = 'admin' LIMIT 1[0m
  ↳ app/controllers/user_controller.rb:14:in `create_user'
  [1m[36mTRANSACTION (0.4ms)[0m  [1m[35mBEGIN[0m
  ↳ app/controllers/user_controller.rb:17:in `create_user'
  [1m[36mRole Load (0.6ms)[0m  [1m[34mSELECT `roles`.* FROM `roles` WHERE `roles`.`id` = 1 LIMIT 1[0m
  ↳ app/controllers/user_controller.rb:17:in `create_user'
  [1m[36mTRANSACTION (0.3ms)[0m  [1m[31mROLLBACK[0m
  ↳ app/controllers/user_controller.rb:17:in `create_user'
Completed 422 Unprocessable Entity in 10ms (Views: 0.1ms | ActiveRecord: 2.0ms | Allocations: 2943)


Started POST "/new_user" for ::1 at 2024-01-07 20:43:50 +0530
Processing by UserController#create_user as */*
  Parameters: {"name"=>"mohan", "phone_number"=>"9361320514", "password"=>"[FILTERED]", "role"=>"admin"}
Can't verify CSRF token authenticity.
  [1m[36mRole Load (0.4ms)[0m  [1m[34mSELECT `roles`.* FROM `roles` WHERE `roles`.`role` = 'admin' LIMIT 1[0m
  ↳ app/controllers/user_controller.rb:14:in `create_user'
  [1m[36mTRANSACTION (0.2ms)[0m  [1m[35mBEGIN[0m
  ↳ app/controllers/user_controller.rb:17:in `create_user'
  [1m[36mRole Load (0.3ms)[0m  [1m[34mSELECT `roles`.* FROM `roles` WHERE `roles`.`id` = 1 LIMIT 1[0m
  ↳ app/controllers/user_controller.rb:17:in `create_user'
  [1m[36mTRANSACTION (0.4ms)[0m  [1m[31mROLLBACK[0m
  ↳ app/controllers/user_controller.rb:17:in `create_user'
Completed 422 Unprocessable Entity in 8ms (Views: 0.1ms | ActiveRecord: 1.4ms | Allocations: 3183)


Started GET "/" for ::1 at 2024-01-07 22:47:37 +0530
  [1m[36mActiveRecord::SchemaMigration Load (0.5ms)[0m  [1m[34mSELECT `schema_migrations`.`version` FROM `schema_migrations` ORDER BY `schema_migrations`.`version` ASC[0m
Processing by Rails::WelcomeController#index as HTML
  Rendering /Users/dalagaruppu/.rbenv/versions/3.2.2/lib/ruby/gems/3.2.0/gems/railties-7.1.2/lib/rails/templates/rails/welcome/index.html.erb
  Rendered /Users/dalagaruppu/.rbenv/versions/3.2.2/lib/ruby/gems/3.2.0/gems/railties-7.1.2/lib/rails/templates/rails/welcome/index.html.erb (Duration: 0.9ms | Allocations: 376)
Completed 200 OK in 22ms (Views: 7.1ms | ActiveRecord: 0.0ms | Allocations: 4270)


Started GET "/" for ::1 at 2024-01-07 22:48:42 +0530
Processing by UserController#index as HTML
  Rendering layout layouts/application.html.erb
  Rendering user/index.html.erb within layouts/application
  Rendered user/index.html.erb within layouts/application (Duration: 0.4ms | Allocations: 91)
  Rendered layout layouts/application.html.erb (Duration: 97.1ms | Allocations: 34589)
Completed 200 OK in 101ms (Views: 100.6ms | ActiveRecord: 0.0ms | Allocations: 35556)


Started POST "/new_user" for ::1 at 2024-01-07 23:41:01 +0530
Processing by UserController#create_user as */*
  Parameters: {"name"=>"mohan", "phone_number"=>"9361320514", "password"=>"[FILTERED]", "role"=>"admi"}
Can't verify CSRF token authenticity.
Completed 500 Internal Server Error in 76ms (ActiveRecord: 4.8ms | Allocations: 19070)


  
NoMethodError (undefined method `is_present_role?' for #<UserController:0x00000000011120>):
  
app/controllers/user_controller.rb:15:in `create_user'
Started POST "/new_user" for ::1 at 2024-01-07 23:45:14 +0530
Processing by UserController#create_user as */*
  Parameters: {"name"=>"mohan", "phone_number"=>"9361320514", "password"=>"[FILTERED]", "role"=>"admi"}
Can't verify CSRF token authenticity.
Completed 500 Internal Server Error in 20ms (ActiveRecord: 3.7ms | Allocations: 5294)


  
NameError (undefined local variable or method `roles' for Role:Class):
  
app/models/role.rb:3:in `is_present_role?'
app/controllers/user_controller.rb:15:in `create_user'
Started POST "/new_user" for ::1 at 2024-01-07 23:49:43 +0530
Processing by UserController#create_user as */*
  Parameters: {"name"=>"mohan", "phone_number"=>"9361320514", "password"=>"[FILTERED]", "role"=>"admi"}
Can't verify CSRF token authenticity.
Completed 500 Internal Server Error in 18ms (ActiveRecord: 4.5ms | Allocations: 5257)


  
NoMethodError (undefined method `include?' for nil:NilClass):
  
app/models/role.rb:3:in `is_present_role?'
app/controllers/user_controller.rb:15:in `create_user'
Started POST "/new_user" for ::1 at 2024-01-07 23:58:25 +0530
  [1m[36mActiveRecord::SchemaMigration Load (0.4ms)[0m  [1m[34mSELECT `schema_migrations`.`version` FROM `schema_migrations` ORDER BY `schema_migrations`.`version` ASC[0m
Processing by UserController#create_user as */*
  Parameters: {"name"=>"mohan", "phone_number"=>"9361320514", "password"=>"[FILTERED]", "role"=>"admi"}
Can't verify CSRF token authenticity.
  [1m[36mRole Pluck (3.3ms)[0m  [1m[34mSELECT `name` FROM `roles`[0m
  ↳ app/models/role.rb:3:in `is_present_role?'
Completed 500 Internal Server Error in 48ms (ActiveRecord: 5.7ms | Allocations: 7466)


  
ActiveRecord::StatementInvalid (Mysql2::Error: Unknown column 'name' in 'field list'):
  
Started POST "/new_user" for ::1 at 2024-01-08 00:00:11 +0530
Processing by UserController#create_user as */*
  Parameters: {"name"=>"srik", "phone_number"=>"9361320519", "password"=>"[FILTERED]", "role"=>"user"}
Can't verify CSRF token authenticity.
  [1m[36mRole Pluck (0.4ms)[0m  [1m[34mSELECT `roles`.`role` FROM `roles`[0m
  ↳ app/models/role.rb:3:in `is_present_role?'
  [1m[36mRole Load (0.5ms)[0m  [1m[34mSELECT `roles`.* FROM `roles` WHERE `roles`.`role` = 'user' LIMIT 1[0m
  ↳ app/controllers/user_controller.rb:14:in `create_user'
  [1m[36mTRANSACTION (0.3ms)[0m  [1m[35mBEGIN[0m
  ↳ app/controllers/user_controller.rb:19:in `create_user'
  [1m[36mRole Load (0.5ms)[0m  [1m[34mSELECT `roles`.* FROM `roles` WHERE `roles`.`id` = 2 LIMIT 1[0m
  ↳ app/controllers/user_controller.rb:19:in `create_user'
  [1m[36mUser Create (0.7ms)[0m  [1m[32mINSERT INTO `users` (`name`, `phone_number`, `password`, `is_active`, `role_id`, `created_at`, `updated_at`) VALUES ('srik', '9361320519', '1234567890Dh', NULL, 2, '2024-01-07 18:30:11.951959', '2024-01-07 18:30:11.951959')[0m
  ↳ app/controllers/user_controller.rb:19:in `create_user'
  [1m[36mTRANSACTION (2.0ms)[0m  [1m[35mCOMMIT[0m
  ↳ app/controllers/user_controller.rb:19:in `create_user'
Completed 201 Created in 52ms (Views: 0.2ms | ActiveRecord: 12.2ms | Allocations: 16447)


Started POST "/new_user" for ::1 at 2024-01-08 00:00:20 +0530
Processing by UserController#create_user as */*
  Parameters: {"name"=>"srik", "phone_number"=>"9361320519", "password"=>"[FILTERED]", "role"=>"use"}
Can't verify CSRF token authenticity.
  [1m[36mRole Pluck (0.5ms)[0m  [1m[34mSELECT `roles`.`role` FROM `roles`[0m
  ↳ app/models/role.rb:3:in `is_present_role?'
Completed 500 Internal Server Error in 3ms (ActiveRecord: 0.5ms | Allocations: 941)


  
StandardError (Role 'use' not found):
  
app/controllers/user_controller.rb:17:in `create_user'
Started POST "/new_user" for ::1 at 2024-01-08 00:01:40 +0530
Processing by UserController#create_user as */*
  Parameters: {"name"=>"srik", "phone_number"=>"9361320519", "password"=>"[FILTERED]", "role"=>"use"}
Can't verify CSRF token authenticity.
  [1m[36mRole Pluck (0.4ms)[0m  [1m[34mSELECT `roles`.`role` FROM `roles`[0m
  ↳ app/models/role.rb:3:in `is_present_role?'
  [1m[36mTRANSACTION (0.4ms)[0m  [1m[35mBEGIN[0m
  ↳ app/controllers/user_controller.rb:19:in `create_user'
  [1m[36mTRANSACTION (0.4ms)[0m  [1m[31mROLLBACK[0m
  ↳ app/controllers/user_controller.rb:19:in `create_user'
Completed 500 Internal Server Error in 28ms (Views: 0.2ms | ActiveRecord: 12.0ms | Allocations: 8908)


  
AbstractController::DoubleRenderError (Render and/or redirect were called multiple times in this action. Please note that you may only call render OR redirect, and at most once per action. Also note that neither redirect nor render terminate execution of the action, so if you want to exit an action after redirecting, you need to do something like "redirect_to(...); return".):
  
app/controllers/user_controller.rb:22:in `create_user'
Started POST "/new_user" for ::1 at 2024-01-08 00:02:16 +0530
Processing by UserController#create_user as */*
  Parameters: {"name"=>"srik", "phone_number"=>"9361320519", "password"=>"[FILTERED]", "role"=>"use"}
Can't verify CSRF token authenticity.
  [1m[36mRole Pluck (0.4ms)[0m  [1m[34mSELECT `roles`.`role` FROM `roles`[0m
  ↳ app/models/role.rb:3:in `is_present_role?'
  [1m[36mTRANSACTION (0.3ms)[0m  [1m[35mBEGIN[0m
  ↳ app/controllers/user_controller.rb:19:in `create_user'
  [1m[36mTRANSACTION (0.3ms)[0m  [1m[31mROLLBACK[0m
  ↳ app/controllers/user_controller.rb:19:in `create_user'
Completed 500 Internal Server Error in 24ms (Views: 0.2ms | ActiveRecord: 10.3ms | Allocations: 8581)


  
AbstractController::DoubleRenderError (Render and/or redirect were called multiple times in this action. Please note that you may only call render OR redirect, and at most once per action. Also note that neither redirect nor render terminate execution of the action, so if you want to exit an action after redirecting, you need to do something like "redirect_to(...); return".):
  
app/controllers/user_controller.rb:22:in `create_user'
Started POST "/new_user" for ::1 at 2024-01-08 00:03:39 +0530
  
SyntaxError (/Users/dalagaruppu/Documents/clone/app/controllers/user_controller.rb:26: syntax error, unexpected end-of-input):
  
app/controllers/user_controller.rb:26: syntax error, unexpected end-of-input
Started POST "/new_user" for ::1 at 2024-01-08 00:03:51 +0530
Processing by UserController#create_user as */*
  Parameters: {"name"=>"srik", "phone_number"=>"9361320519", "password"=>"[FILTERED]", "role"=>"use"}
Can't verify CSRF token authenticity.
  [1m[36mRole Pluck (0.6ms)[0m  [1m[34mSELECT `roles`.`role` FROM `roles`[0m
  ↳ app/models/role.rb:3:in `is_present_role?'
  [1m[36mTRANSACTION (0.4ms)[0m  [1m[35mBEGIN[0m
  ↳ app/controllers/user_controller.rb:19:in `create_user'
  [1m[36mTRANSACTION (0.5ms)[0m  [1m[31mROLLBACK[0m
  ↳ app/controllers/user_controller.rb:19:in `create_user'
Completed 422 Unprocessable Entity in 28ms (Views: 0.2ms | ActiveRecord: 10.6ms | Allocations: 8252)


Started POST "/new_user" for ::1 at 2024-01-08 00:07:35 +0530
Processing by UserController#create_user as */*
  Parameters: {"name"=>"Gopi", "phone_number"=>"9361320518", "password"=>"[FILTERED]", "role"=>"admin"}
Can't verify CSRF token authenticity.
  [1m[36mRole Pluck (0.4ms)[0m  [1m[34mSELECT `roles`.`role` FROM `roles`[0m
  ↳ app/models/role.rb:3:in `is_present_role?'
  [1m[36mRole Load (0.5ms)[0m  [1m[34mSELECT `roles`.* FROM `roles` WHERE `roles`.`role` = 'admin' LIMIT 1[0m
  ↳ app/controllers/user_controller.rb:16:in `create_user'
  [1m[36mTRANSACTION (0.4ms)[0m  [1m[35mBEGIN[0m
  ↳ app/controllers/user_controller.rb:21:in `create_user'
  [1m[36mRole Load (0.5ms)[0m  [1m[34mSELECT `roles`.* FROM `roles` WHERE `roles`.`id` = 1 LIMIT 1[0m
  ↳ app/controllers/user_controller.rb:21:in `create_user'
  [1m[36mUser Create (0.5ms)[0m  [1m[32mINSERT INTO `users` (`name`, `phone_number`, `password`, `is_active`, `role_id`, `created_at`, `updated_at`) VALUES ('Gopi', '9361320518', '1234567890Go', NULL, 1, '2024-01-07 18:37:36.160861', '2024-01-07 18:37:36.160861')[0m
  ↳ app/controllers/user_controller.rb:21:in `create_user'
  [1m[36mTRANSACTION (0.8ms)[0m  [1m[35mCOMMIT[0m
  ↳ app/controllers/user_controller.rb:21:in `create_user'
Completed 500 Internal Server Error in 37ms (Views: 0.2ms | ActiveRecord: 10.7ms | Allocations: 12239)


  
AbstractController::DoubleRenderError (Render and/or redirect were called multiple times in this action. Please note that you may only call render OR redirect, and at most once per action. Also note that neither redirect nor render terminate execution of the action, so if you want to exit an action after redirecting, you need to do something like "redirect_to(...); return".):
  
app/controllers/user_controller.rb:22:in `create_user'
Started POST "/new_user" for ::1 at 2024-01-08 00:13:03 +0530
Processing by UserController#create_user as */*
  Parameters: {"name"=>"Joe", "phone_number"=>"9361320515", "password"=>"[FILTERED]", "role"=>"user"}
Can't verify CSRF token authenticity.
  [1m[36mRole Pluck (0.5ms)[0m  [1m[34mSELECT `roles`.`role` FROM `roles`[0m
  ↳ app/models/role.rb:3:in `is_present_role?'
  [1m[36mRole Load (0.5ms)[0m  [1m[34mSELECT `roles`.* FROM `roles` WHERE `roles`.`role` = 'user' LIMIT 1[0m
  ↳ app/controllers/user_controller.rb:16:in `create_user'
  [1m[36mTRANSACTION (0.3ms)[0m  [1m[35mBEGIN[0m
  ↳ app/controllers/user_controller.rb:21:in `create_user'
  [1m[36mRole Load (0.8ms)[0m  [1m[34mSELECT `roles`.* FROM `roles` WHERE `roles`.`id` = 2 LIMIT 1[0m
  ↳ app/controllers/user_controller.rb:21:in `create_user'
  [1m[36mUser Create (0.8ms)[0m  [1m[32mINSERT INTO `users` (`name`, `phone_number`, `password`, `is_active`, `role_id`, `created_at`, `updated_at`) VALUES ('Joe', '9361320515', '1234567890Go', NULL, 2, '2024-01-07 18:43:04.104911', '2024-01-07 18:43:04.104911')[0m
  ↳ app/controllers/user_controller.rb:21:in `create_user'
  [1m[36mTRANSACTION (3.2ms)[0m  [1m[35mCOMMIT[0m
  ↳ app/controllers/user_controller.rb:21:in `create_user'
Completed 500 Internal Server Error in 52ms (Views: 0.2ms | ActiveRecord: 6.5ms | Allocations: 11719)


  
AbstractController::DoubleRenderError (Render and/or redirect were called multiple times in this action. Please note that you may only call render OR redirect, and at most once per action. Also note that neither redirect nor render terminate execution of the action, so if you want to exit an action after redirecting, you need to do something like "redirect_to(...); return".):
  
app/controllers/user_controller.rb:22:in `create_user'
